"../../../../../../Git/ColiseumChaos/Content/Maps/mainmenu/FadeIn.uasset" 0
"../../../../../../Git/ColiseumChaos/Content/Maps/mainmenu/FadeOut.uasset" 1
"../../../Engine/Content/EditorBlueprintResources/StandardMacros.uasset" 2
"../../../Engine/Content/EngineSky/C_Sky_Cloud_Color.uasset" 3
"../../../Engine/Content/EngineSky/C_Sky_Horizon_Color.uasset" 4
"../../../Engine/Content/EngineSky/C_Sky_Zenith_Color.uasset" 5
"../../../Engine/Content/EngineSky/T_Sky_Blue.uasset" 6
"../../../Engine/Content/EngineSky/T_Sky_Clouds_M.uasset" 7
"../../../Engine/Content/EngineSky/T_Sky_Stars.uasset" 8
"../../../Engine/Content/EngineSky/M_Sky_Panning_Clouds2.uasset" 9
"../../../Engine/Content/EngineSky/SM_SkySphere.uasset" 10
"../../../Engine/Content/EngineSky/BP_Sky_Sphere.uasset" 11
"../../../../../../Git/ColiseumChaos/Content/Maps/transitions/mapTransition.uasset" 12
"../../../../../../Git/ColiseumChaos/Content/Engine/CCSaveGame.uasset" 13
"../../../../../../Git/ColiseumChaos/Content/Engine/CCGameInstance.uasset" 14
"../../../../../../Git/ColiseumChaos/Content/Effects/Materials/Lit_Spr.uasset" 15
"../../../../../../Git/ColiseumChaos/Content/Effects/Materials/White.uasset" 16
"../../../../../../Git/ColiseumChaos/Content/Fonts/8-bit_fortress.uasset" 17
"../../../../../../Git/ColiseumChaos/Content/Fonts/8-bit_fortress_Font.uasset" 18
"../../../../../../Git/ColiseumChaos/Content/Enemy/Money.uasset" 19
"../../../../../../Git/ColiseumChaos/Content/Enemy/EnemyBaseBP.uasset" 20
"../../../../../../Git/ColiseumChaos/Content/Items/Bomb/bomb.uasset" 21
"../../../../../../Git/ColiseumChaos/Content/Items/Bomb/BombSprite.uasset" 22
"../../../Engine/Content/Functions/Engine_MaterialFunctions01/Density/ExponentialDensity.uasset" 23
"../../../Engine/Content/Functions/Engine_MaterialFunctions01/Gradient/RadialGradientExponential.uasset" 24
"../../../../../../Git/ColiseumChaos/Content/Effects/Materials/Spark.uasset" 25
"../../../../../../Git/ColiseumChaos/Content/Items/Bomb/explosion.uasset" 26
"../../../../../../Git/ColiseumChaos/Content/Items/Bomb/Bomb_BP.uasset" 27
"../../../../../../Git/ColiseumChaos/Content/Shakes/HeavyShake.uasset" 28
"../../../../../../Git/ColiseumChaos/Content/Shakes/SlightShake.uasset" 29
"../../../../../../Git/ColiseumChaos/Content/Effects/ParticleEffects/Sparks/Sparks.uasset" 30
"../../../../../../Git/ColiseumChaos/Content/GUI/Pointer.uasset" 31
"../../../../../../Git/ColiseumChaos/Content/GUI/MouseWid.uasset" 32
"../../../../../../Git/ColiseumChaos/Content/Fonts/Gamer.uasset" 33
"../../../../../../Git/ColiseumChaos/Content/Fonts/Gamer_Font.uasset" 34
"../../../../../../Git/ColiseumChaos/Content/Player/COIN.uasset" 35
"../../../../../../Git/ColiseumChaos/Content/Player/COIN_Sprite.uasset" 36
"../../../../../../Git/ColiseumChaos/Content/GUI/PlayerStat.uasset" 37
"../../../../../../Git/ColiseumChaos/Content/GUI/Shop/icons/hpUp.uasset" 38
"../../../../../../Git/ColiseumChaos/Content/GUI/Shop/icons/maxHpUp.uasset" 39
"../../../../../../Git/ColiseumChaos/Content/GUI/Shop/ShopGUI.uasset" 40
"../../../../../../Git/ColiseumChaos/Content/Hats/textures/partyHat.uasset" 41
"../../../../../../Git/ColiseumChaos/Content/Hats/partyHatSprite.uasset" 42
"../../../../../../Git/ColiseumChaos/Content/Player/PlayerMedia/Player1.uasset" 43
"../../../../../../Git/ColiseumChaos/Content/Player/PlayerMedia/Player1_Spr.uasset" 44
"../../../../../../Git/ColiseumChaos/Content/Player/PlayerMedia/Player1_FB.uasset" 45
"../../../../../../Git/ColiseumChaos/Content/Player/PlayerMedia/Player1Arm.uasset" 46
"../../../../../../Git/ColiseumChaos/Content/Player/PlayerMedia/Player1Arm_Spr.uasset" 47
"../../../../../../Git/ColiseumChaos/Content/Player/PlayerMedia/PlayerLunge1.uasset" 48
"../../../../../../Git/ColiseumChaos/Content/Player/PlayerMedia/PlayerLunge1_Spr.uasset" 49
"../../../../../../Git/ColiseumChaos/Content/Player/PlayerMedia/PlayerLunge2.uasset" 50
"../../../../../../Git/ColiseumChaos/Content/Player/PlayerMedia/PlayerLunge2_Spr.uasset" 51
"../../../../../../Git/ColiseumChaos/Content/Player/PlayerMedia/PlayerLunge_FB.uasset" 52
"../../../../../../Git/ColiseumChaos/Content/Player/PlayerMedia/PlayerRun1.uasset" 53
"../../../../../../Git/ColiseumChaos/Content/Player/PlayerMedia/PlayerRun1_Spr.uasset" 54
"../../../../../../Git/ColiseumChaos/Content/Player/PlayerMedia/PlayerRun2.uasset" 55
"../../../../../../Git/ColiseumChaos/Content/Player/PlayerMedia/PlayerRun2_Spr.uasset" 56
"../../../../../../Git/ColiseumChaos/Content/Player/PlayerMedia/PlayerRun3.uasset" 57
"../../../../../../Git/ColiseumChaos/Content/Player/PlayerMedia/PlayerRun3_Spr.uasset" 58
"../../../../../../Git/ColiseumChaos/Content/Player/PlayerMedia/PlayerRun4.uasset" 59
"../../../../../../Git/ColiseumChaos/Content/Player/PlayerMedia/PlayerRun4_Spr.uasset" 60
"../../../../../../Git/ColiseumChaos/Content/Player/PlayerMedia/PlayerRun_FB.uasset" 61
"../../../../../../Git/ColiseumChaos/Content/Sound/Hit.uasset" 62
"../../../../../../Git/ColiseumChaos/Content/Sound/Lunge_Sound.uasset" 63
"../../../../../../Git/ColiseumChaos/Content/Sound/Slash_Sound3.uasset" 64
"../../../../../../Git/ColiseumChaos/Content/Swords/Pack1/textures/cosmic.uasset" 65
"../../../../../../Git/ColiseumChaos/Content/Swords/Pack1/cosmicSprite.uasset" 66
"../../../../../../Git/ColiseumChaos/Content/Player/PlayerBP.uasset" 67
"../../../../../../Git/ColiseumChaos/Content/Effects/Materials/SmokeMat.uasset" 68
"../../../../../../Git/ColiseumChaos/Content/Effects/ParticleEffects/Smoke/Dust.uasset" 69
"../../../../../../Git/ColiseumChaos/Content/Effects/ParticleEffects/Smoke/Smoke_Part.uasset" 70
"../../../../../../Git/ColiseumChaos/Content/Enemy/Gollem/Gollem1.uasset" 71
"../../../../../../Git/ColiseumChaos/Content/Enemy/Gollem/Gollem1_Spr.uasset" 72
"../../../../../../Git/ColiseumChaos/Content/Enemy/Gollem/Gollem2.uasset" 73
"../../../../../../Git/ColiseumChaos/Content/Enemy/Gollem/Gollem2_Spr.uasset" 74
"../../../../../../Git/ColiseumChaos/Content/Enemy/Gollem/Gollem3.uasset" 75
"../../../../../../Git/ColiseumChaos/Content/Enemy/Gollem/Gollem3_Spr.uasset" 76
"../../../../../../Git/ColiseumChaos/Content/Enemy/Gollem/Gollem_FB.uasset" 77
"../../../../../../Git/ColiseumChaos/Content/Enemy/Gollem/GollemJump1.uasset" 78
"../../../../../../Git/ColiseumChaos/Content/Enemy/Gollem/Jump1_Spr.uasset" 79
"../../../../../../Git/ColiseumChaos/Content/Enemy/Gollem/GollemJump2.uasset" 80
"../../../../../../Git/ColiseumChaos/Content/Enemy/Gollem/Jump2_Spr.uasset" 81
"../../../../../../Git/ColiseumChaos/Content/Enemy/Gollem/GollemJump3.uasset" 82
"../../../../../../Git/ColiseumChaos/Content/Enemy/Gollem/Jump3_Spr.uasset" 83
"../../../../../../Git/ColiseumChaos/Content/Enemy/Gollem/GollemJump4.uasset" 84
"../../../../../../Git/ColiseumChaos/Content/Enemy/Gollem/Jump4_Spr.uasset" 85
"../../../../../../Git/ColiseumChaos/Content/Enemy/Gollem/Jump_FB.uasset" 86
"../../../../../../Git/ColiseumChaos/Content/Sound/Enemy/Gollem/GollemJump_Sound.uasset" 87
"../../../../../../Git/ColiseumChaos/Content/Sound/EnemyKill.uasset" 88
"../../../../../../Git/ColiseumChaos/Content/Enemy/Gollem/Gollem_BP.uasset" 89
"../../../Engine/Content/Functions/Engine_MaterialFunctions01/Opacity/CameraDepthFade.uasset" 90
"../../../Engine/Content/EngineMaterials/T_Default_Material_Grid_M.uasset" 91
"../../../Engine/Content/EngineMaterials/T_Default_Material_Grid_N.uasset" 92
"../../../Engine/Content/EngineMaterials/DefaultMaterial.uasset" 93
"../../../Engine/Content/BasicShapes/Sphere.uasset" 94
"../../../../../../Git/ColiseumChaos/Content/Enemy/Mage/fireParticle.uasset" 95
"../../../../../../Git/ColiseumChaos/Content/Enemy/Mage/fireMat.uasset" 96
"../../../../../../Git/ColiseumChaos/Content/Enemy/Mage/fire.uasset" 97
"../../../../../../Git/ColiseumChaos/Content/Enemy/Mage/fireball.uasset" 98
"../../../../../../Git/ColiseumChaos/Content/Enemy/Mage/fireball_Sprite.uasset" 99
"../../../../../../Git/ColiseumChaos/Content/Enemy/Mage/Fireball_BP.uasset" 100
"../../../../../../Git/ColiseumChaos/Content/Enemy/Mage/Mage.uasset" 101
"../../../../../../Git/ColiseumChaos/Content/Enemy/Mage/Mage_Spr.uasset" 102
"../../../../../../Git/ColiseumChaos/Content/Enemy/Mage/Mage_FB.uasset" 103
"../../../../../../Git/ColiseumChaos/Content/Enemy/Mage/Mage_BP.uasset" 104
"../../../../../../Git/ColiseumChaos/Content/Enemy/Scavenger/Scavenger.uasset" 105
"../../../../../../Git/ColiseumChaos/Content/Enemy/Scavenger/Scav1_Spr.uasset" 106
"../../../../../../Git/ColiseumChaos/Content/Enemy/Scavenger/Scav2_Spr.uasset" 107
"../../../../../../Git/ColiseumChaos/Content/Enemy/Scavenger/Scavenger_FB.uasset" 108
"../../../../../../Git/ColiseumChaos/Content/Enemy/Scavenger/Scav_BP.uasset" 109
"../../../../../../Git/ColiseumChaos/Content/Enemy/Scavenger/Scav_Number.uasset" 110
"../../../../../../Git/ColiseumChaos/Content/Player/PlayerMedia/PlayerController.uasset" 111
"../../../../../../Git/ColiseumChaos/Content/Engine/CCGamemode.uasset" 112
"../../../../../../Git/ColiseumChaos/Content/GUI/Logo/LogoFadeIn.uasset" 113
"../../../../../../Git/ColiseumChaos/Content/GUI/Logo/LogoFadeOut.uasset" 114
"../../../../../../Git/ColiseumChaos/Content/Sound/Music/01_-_The_Glowing_Gates_Menu_Theme__1_.uasset" 115
"../../../../../../Git/ColiseumChaos/Content/GUI/MainMenu/audioFade.uasset" 116
"../../../../../../Git/ColiseumChaos/Content/Tilesets/Sand/Sand.uasset" 117
"../../../../../../Git/ColiseumChaos/Content/Tilesets/Sand/Sand_Tile.uasset" 118
"../../../../../../Git/ColiseumChaos/Content/GUI/MainMenu/mainMenuBackground.uasset" 119
"../../../../../../Git/ColiseumChaos/Content/GUI/MainMenu/mainMenuFloor.uasset" 120
"../../../../../../Git/ColiseumChaos/Content/GUI/MainMenu/shopFloor.uasset" 121
"../../../../../../Git/ColiseumChaos/Content/GUI/MainMenu/shopWall.uasset" 122
"../../../../../../Git/ColiseumChaos/Content/GUI/MainMenu/Barracks/BarracksBack.uasset" 123
"../../../../../../Git/ColiseumChaos/Content/GUI/MainMenu/Shop/Chests/textures/chest.uasset" 124
"../../../../../../Git/ColiseumChaos/Content/GUI/MainMenu/Shop/Chests/regularChest.uasset" 125
"../../../../../../Git/ColiseumChaos/Content/GUI/WeatherOverlay/rain2.uasset" 126
"../../../../../../Git/ColiseumChaos/Content/Hats/textures/roman.uasset" 127
"../../../../../../Git/ColiseumChaos/Content/Hats/romanSprite.uasset" 128
"../../../../../../Git/ColiseumChaos/Content/Hats/textures/viking.uasset" 129
"../../../../../../Git/ColiseumChaos/Content/Hats/vikingSprite.uasset" 130
"../../../../../../Git/ColiseumChaos/Content/Player/PlayerMedia/default.uasset" 131
"../../../../../../Git/ColiseumChaos/Content/Player/PlayerMedia/dust.uasset" 132
"../../../../../../Git/ColiseumChaos/Content/Player/PlayerMedia/dust_Mat.uasset" 133
"../../../../../../Git/ColiseumChaos/Content/Player/PlayerMedia/dustTrail.uasset" 134
"../../../../../../Git/ColiseumChaos/Content/Player/PlayerMedia/Player1Arm_FB.uasset" 135
"../../../../../../Git/ColiseumChaos/Content/Player/PlayerMedia/Player1Flipped.uasset" 136
"../../../../../../Git/ColiseumChaos/Content/Player/PlayerMedia/Player1Flipped_Spr.uasset" 137
"../../../../../../Git/ColiseumChaos/Content/Player/PlayerMedia/Player1Flipped_FB.uasset" 138
"../../../../../../Git/ColiseumChaos/Content/Sound/Slash_Sound.uasset" 139
"../../../../../../Git/ColiseumChaos/Content/Sound/Slash_Sound2.uasset" 140
"../../../../../../Git/ColiseumChaos/Content/Sound/voice.uasset" 141
"../../../../../../Git/ColiseumChaos/Content/Sound/Music/00_-_Arabian_Spark_Logo_Chime.uasset" 142
"../../../../../../Git/ColiseumChaos/Content/Sound/Music/04_-_De_Baza_Bargain.uasset" 143
"../../../../../../Git/ColiseumChaos/Content/Sound/Music/AudioFadeOut.uasset" 144
"../../../../../../Git/ColiseumChaos/Content/Swords/Pack1/textures/summer.uasset" 145
"../../../../../../Git/ColiseumChaos/Content/Swords/Pack1/summerSprite.uasset" 146
"../../../../../../Git/ColiseumChaos/Content/Swords/Pack1/textures/yang.uasset" 147
"../../../../../../Git/ColiseumChaos/Content/Swords/Pack1/yangSprite.uasset" 148
"../../../../../../Git/ColiseumChaos/Content/Swords/Pack1/textures/deepSea.uasset" 149
"../../../../../../Git/ColiseumChaos/Content/Swords/WoodSwords/WoodSword.uasset" 150
"../../../../../../Git/ColiseumChaos/Content/Swords/WoodSwords/WoodSword_Spr.uasset" 151
"../../../../../../Git/ColiseumChaos/Content/Swords/WoodSwords/WoodSword_FB.uasset" 152
"../../../../../../Git/ColiseumChaos/Content/Tilesets/Treee.uasset" 153
"../../../../../../Git/ColiseumChaos/Content/Swords/Pack1/textures/rainbow.uasset" 154
"../../../../../../Git/ColiseumChaos/Content/Swords/Pack1/rainbowSprite.uasset" 155
"../../../../../../Git/ColiseumChaos/Content/Weather/Rain/RainBP.uasset" 156
"../../../Engine/Content/EngineMaterials/WorldGridMaterial.uasset" 157
"../../../Engine/Content/ArtTools/RenderToTexture/Meshes/S_1_Unit_Plane.uasset" 158
"../../../Engine/Content/BasicShapes/Cone.uasset" 159
"../../../Engine/Content/BasicShapes/Cylinder.uasset" 160
"../../../Engine/Content/BasicShapes/Plane.uasset" 161
"../../../Engine/Content/EditorLandscapeResources/DataLayer.uasset" 162
"../../../Engine/Content/EditorMaterials/GizmoMaterial.uasset" 163
"../../../Engine/Content/EditorMaterials/MAT_Groups_Toggle.uasset" 164
"../../../Engine/Content/EditorMaterials/MAT_Groups_Visibility.uasset" 165
"../../../Engine/Content/EditorMaterials/PreviewShadowIndicator.uasset" 166
"../../../Engine/Content/EditorMaterials/PreviewShadowIndicatorMaterial.uasset" 167
"../../../Engine/Content/EditorMaterials/MatineeGroups/MAT_ColorTrack.uasset" 168
"../../../Engine/Content/EditorMaterials/MatineeGroups/MAT_Groups_Anim.uasset" 169
"../../../Engine/Content/EditorMaterials/MatineeGroups/MAT_Groups_AudioMaster.uasset" 170
"../../../Engine/Content/EditorMaterials/MatineeGroups/MAT_Groups_Director.uasset" 171
"../../../Engine/Content/EditorMaterials/MatineeGroups/MAT_Groups_Event.uasset" 172
"../../../Engine/Content/EditorMaterials/MatineeGroups/MAT_Groups_Fade.uasset" 173
"../../../Engine/Content/EditorMaterials/MatineeGroups/MAT_Groups_Float.uasset" 174
"../../../Engine/Content/EditorMaterials/MatineeGroups/MAT_Groups_Move.uasset" 175
"../../../Engine/Content/EditorMaterials/MatineeGroups/MAT_Groups_Slomo.uasset" 176
"../../../Engine/Content/EditorMaterials/MatineeGroups/MAT_Groups_Sound.uasset" 177
"../../../Engine/Content/EditorMaterials/MatineeGroups/MAT_Groups_Vector.uasset" 178
"../../../Engine/Content/EditorMaterials/ParticleSystems/PSysThumbnail_NoImage.uasset" 179
"../../../Engine/Content/EditorMaterials/ParticleSystems/PSysThumbnail_OOD.uasset" 180
"../../../Engine/Content/EditorMaterials/Camera/CineMat.uasset" 181
"../../../Engine/Content/EditorMaterials/Camera/MI_CineMat_Rig.uasset" 182
"../../../Engine/Content/EditorMeshes/Camera/SM_CraneRig_Arm.uasset" 183
"../../../Engine/Content/EditorMeshes/Camera/SM_CraneRig_Base.uasset" 184
"../../../Engine/Content/EditorMeshes/Camera/SM_CraneRig_Body.uasset" 185
"../../../Engine/Content/EditorMeshes/Camera/SM_CraneRig_Mount.uasset" 186
"../../../Engine/Content/EditorMeshes/Camera/SM_RailRig_Mount.uasset" 187
"../../../Engine/Content/EditorMeshes/Camera/SM_RailRig_Track.uasset" 188
"../../../Engine/Content/EditorResources/BSPVertex.uasset" 189
"../../../Engine/Content/EditorResources/EmptyActor.uasset" 190
"../../../Engine/Content/EditorResources/S_Actor.uasset" 191
"../../../Engine/Content/EditorResources/S_Trigger.uasset" 192
"../../../Engine/Content/EditorResources/AudioIcons/S_AudioComponent_AutoActivate.uasset" 193
"../../../Engine/Content/EditorResources/LightIcons/S_LightError.uasset" 194
"../../../Engine/Content/EditorResources/SequenceRecorder/Countdown.uasset" 195
"../../../Engine/Content/EditorResources/SequenceRecorder/RecordingIndicator.uasset" 196
"../../../Engine/Content/EditorSounds/Notifications/CompileFailed.uasset" 197
"../../../Engine/Content/EditorSounds/Notifications/CompileFailed_Cue.uasset" 198
"../../../Engine/Content/EditorSounds/Notifications/CompileSuccess.uasset" 199
"../../../Engine/Content/EditorSounds/Notifications/CompileStart_Cue.uasset" 200
"../../../Engine/Content/EditorSounds/Notifications/CompileSuccess_Cue.uasset" 201
"../../../Engine/Content/EngineDamageTypes/DmgTypeBP_Environmental.uasset" 202
"../../../Engine/Content/EngineDebugMaterials/HeatmapGradient.uasset" 203
"../../../Engine/Content/EngineDebugMaterials/BoneWeightMaterial.uasset" 204
"../../../Engine/Content/EngineDebugMaterials/ClothMaterial.uasset" 205
"../../../Engine/Content/EngineDebugMaterials/ClothMaterial_WF.uasset" 206
"../../../Engine/Content/EngineDebugMaterials/DebugEditorMaterial.uasset" 207
"../../../Engine/Content/EngineDebugMaterials/DebugMeshMaterial.uasset" 208
"../../../Engine/Content/EngineDebugMaterials/GeomMaterial.uasset" 209
"../../../Engine/Content/EngineDebugMaterials/M_SimpleTranslucent.uasset" 210
"../../../Engine/Content/EngineFonts/Faces/RobotoBold.uasset" 211
"../../../Engine/Content/EngineFonts/Faces/RobotoBoldItalic.uasset" 212
"../../../Engine/Content/EngineFonts/Faces/RobotoItalic.uasset" 213
"../../../Engine/Content/EngineFonts/Faces/RobotoLight.uasset" 214
"../../../Engine/Content/EngineFonts/Faces/RobotoRegular.uasset" 215
"../../../Engine/Content/EngineFonts/Roboto.uasset" 216
"../../../Engine/Content/EngineFonts/Faces/RobotoTiny.uasset" 217
"../../../Engine/Content/EngineFonts/RobotoTiny.uasset" 218
"../../../Engine/Content/EngineMaterials/BaseFlattenDiffuseMap.uasset" 219
"../../../Engine/Content/EngineMaterials/BaseFlattenEmissiveMap.uasset" 220
"../../../Engine/Content/EngineMaterials/BaseFlattenGrayscaleMap.uasset" 221
"../../../Engine/Content/EngineMaterials/BaseFlattenNormalMap.uasset" 222
"../../../Engine/Content/EngineMaterials/BaseFlattenMaterial.uasset" 223
"../../../Engine/Content/EngineMaterials/DefaultBloomKernel.uasset" 224
"../../../Engine/Content/EngineMaterials/DefaultBokeh.uasset" 225
"../../../Engine/Content/EngineMaterials/DefaultDiffuse.uasset" 226
"../../../Engine/Content/EngineMaterials/DefaultDeferredDecalMaterial.uasset" 227
"../../../Engine/Content/EngineMaterials/DefaultLightFunctionMaterial.uasset" 228
"../../../Engine/Content/EngineMaterials/DefaultPhysicalMaterial.uasset" 229
"../../../Engine/Content/Functions/Engine_MaterialFunctions02/Utility/BreakOutFloat2Components.uasset" 230
"../../../Engine/Content/EngineMaterials/DefaultPostProcessMaterial.uasset" 231
"../../../Engine/Content/EngineFonts/RobotoDistanceField.uasset" 232
"../../../Engine/Content/EngineMaterials/DefaultTextMaterialOpaque.uasset" 233
"../../../Engine/Content/EngineMaterials/DefaultWhiteGrid.uasset" 234
"../../../Engine/Content/EngineMaterials/EditorBrushMaterial.uasset" 235
"../../../Engine/Content/EngineMaterials/Good64x64TilingNoiseHighFreq.uasset" 236
"../../../Engine/Content/EngineMaterials/MiniFont.uasset" 237
"../../../Engine/Content/EngineMaterials/InvalidLightmapSettings.uasset" 238
"../../../Engine/Content/EngineMaterials/M_InvalidLightmapSettings.uasset" 239
"../../../Engine/Content/Functions/Engine_MaterialFunctions02/WorldPositionOffset/CameraOffset.uasset" 240
"../../../Engine/Content/EngineMaterials/PhAT_JointLimitMaterial.uasset" 241
"../../../Engine/Content/EngineMaterials/PreintegratedSkinBRDF.uasset" 242
"../../../Engine/Content/EngineMaterials/RemoveSurfaceMaterial.uasset" 243
"../../../Engine/Content/EngineMaterials/WeightMapPlaceholderTexture.uasset" 244
"../../../Engine/Content/EngineResources/WhiteSquareTexture.uasset" 245
"../../../Engine/Content/EngineMaterials/Widget3DPassThrough.uasset" 246
"../../../Engine/Content/EngineMaterials/Widget3DPassThrough_Masked.uasset" 247
"../../../Engine/Content/EngineMaterials/Widget3DPassThrough_Opaque.uasset" 248
"../../../Engine/Content/EngineMaterials/Widget3DPassThrough_Masked_OneSided.uasset" 249
"../../../Engine/Content/EngineMaterials/Widget3DPassThrough_Opaque_OneSided.uasset" 250
"../../../Engine/Content/EngineMaterials/Widget3DPassThrough_Translucent.uasset" 251
"../../../Engine/Content/EngineMaterials/Widget3DPassThrough_Translucent_OneSided.uasset" 252
"../../../Engine/Content/EngineMeshes/Cylinder.uasset" 253
"../../../Engine/Content/EngineMeshes/Sphere.uasset" 254
"../../../Engine/Content/EngineResources/Black.uasset" 255
"../../../Engine/Content/EngineResources/DefaultTexture.uasset" 256
"../../../Engine/Content/EngineResources/DefaultTextureCube.uasset" 257
"../../../Engine/Content/EngineResources/DefaultVolumeTexture2D.uasset" 258
"../../../Engine/Content/EngineResources/DefaultVolumeTexture.uasset" 259
"../../../Engine/Content/EngineResources/GradientTexture0.uasset" 260
"../../../Engine/Content/EngineSounds/Master.uasset" 261
"../../../Engine/Content/Functions/Engine_MaterialFunctions01/Shading/ConvertFromDiffSpec.uasset" 262
"../../../Engine/Content/Functions/Engine_MaterialFunctions01/Shading/PowerToRoughness.uasset" 263
"../../../Engine/Content/Maps/Templates/Thumbnails/Default.uasset" 264
"../../../Engine/Content/Maps/Templates/Thumbnails/VR-Basic.uasset" 265
"../../../Engine/Content/MobileResources/T_MobileControls_texture.uasset" 266
"../../../Engine/Content/MobileResources/T_MobileMenu2.uasset" 267
"../../../Engine/Content/MobileResources/HUD/AnalogHat.uasset" 268
"../../../Engine/Content/MobileResources/HUD/VirtualJoystick_Background.uasset" 269
"../../../Engine/Content/MobileResources/HUD/VirtualJoystick_Thumb.uasset" 270
"../../../Engine/Content/MobileResources/HUD/DefaultVirtualJoysticks.uasset" 271
"../../../Engine/Content/MobileResources/HUD/LeftVirtualJoystickOnly.uasset" 272
"../../../Engine/Content/MobileResources/HUD/MobileHUDButton1_off.uasset" 273
"../../../Engine/Content/MobileResources/HUD/MobileHUDButton1_on.uasset" 274
"../../../Engine/Content/MobileResources/HUD/MobileHUDButton2_off.uasset" 275
"../../../Engine/Content/MobileResources/HUD/MobileHUDButton2_on.uasset" 276
"../../../Engine/Content/MobileResources/HUD/MobileHUDButton3.uasset" 277
"../../../Engine/Content/MobileResources/HUD/MobileHUDButtonFire.uasset" 278
"../../../Engine/Content/MobileResources/HUD/MobileHUDDirectionPad.uasset" 279
"../../../Engine/Content/MobileResources/HUD/MobileHUDDirectionPad2.uasset" 280
"../../../Engine/Content/MobileResources/HUD/MobileHUDDirectionPad3.uasset" 281
"../../../Engine/Content/MobileResources/HUD/MobileHUDDirectionStick.uasset" 282
"../../../Engine/Content/MobileResources/HUD/T_Castle_ThumbstickInner.uasset" 283
"../../../Engine/Content/MobileResources/HUD/T_Castle_ThumbstickOutter.uasset" 284
"../../../Engine/Content/Tutorial/ContentIntroCurve.uasset" 285
"../../../Engine/Content/Tutorial/Basics/TutorialAssets/icon_tab_Levels_40x.uasset" 286
"../../../Engine/Content/VREditor/LaserPointer/VR_LaserPower_01.uasset" 287
"../../../Engine/Content/VREditor/TransformGizmo/TransformGizmoMaterial.uasset" 288
"../../../Engine/Content/VREditor/TransformGizmo/TranslucentTransformGizmoMaterial.uasset" 289
"../../../Engine/Content/VREditor/TransformGizmo/BoundingBoxCorner.uasset" 290
"../../../Engine/Content/VREditor/TransformGizmo/BoundingBoxEdge.uasset" 291
"../../../Engine/Content/VREditor/TransformGizmo/PlaneTranslationHandle.uasset" 292
"../../../Engine/Content/VREditor/TransformGizmo/Main.uasset" 293
"../../../Engine/Content/VREditor/TransformGizmo/Xray.uasset" 294
"../../../Engine/Content/VREditor/TransformGizmo/SM_Sequencer_Key.uasset" 295
"../../../Engine/Content/VREditor/TransformGizmo/SM_Sequencer_Node.uasset" 296
"../../Plugins/2D/Paper2D/Content/PlaceholderTextures/DummySpriteTexture.uasset" 297
"../../Plugins/2D/Paper2D/Content/DummySprite.uasset" 298
"../../Plugins/2D/Paper2D/Content/DefaultPaperTerrainMaterial.uasset" 299
"../../Plugins/2D/Paper2D/Content/DefaultSpriteMaterial.uasset" 300
"../../Plugins/2D/Paper2D/Content/MaskedUnlitSpriteMaterial.uasset" 301
"../../Plugins/2D/Paper2D/Content/OpaqueUnlitSpriteMaterial.uasset" 302
"../../Plugins/Runtime/Oculus/OculusVR/Content/Materials/PokeAHoleMaterial.uasset" 303
"../../Plugins/Runtime/Oculus/OculusVR/Content/Textures/GearVRController_AO.uasset" 304
"../../Plugins/Runtime/Oculus/OculusVR/Content/Textures/GearVRController_Color.uasset" 305
"../../Plugins/Runtime/Oculus/OculusVR/Content/Textures/GearVRController_Normal.uasset" 306
"../../Plugins/Runtime/Oculus/OculusVR/Content/Materials/GearVRControllerMaterial.uasset" 307
"../../Plugins/Runtime/Oculus/OculusVR/Content/Meshes/GearVrController.uasset" 308
"../../Plugins/Runtime/Oculus/OculusVR/Content/Textures/touchController_albedo.uasset" 309
"../../Plugins/Runtime/Oculus/OculusVR/Content/Textures/touchController_controlmap.uasset" 310
"../../Plugins/Runtime/Oculus/OculusVR/Content/Materials/touchController_mat.uasset" 311
"../../Plugins/Runtime/Oculus/OculusVR/Content/Meshes/LeftTouchController.uasset" 312
"../../Plugins/Runtime/Oculus/OculusVR/Content/Meshes/RiftHMD.uasset" 313
"../../Plugins/Runtime/Oculus/OculusVR/Content/Meshes/RightTouchController.uasset" 314
"../../../../../../Git/ColiseumChaos/Content/Sound/statcount.uasset" 315
"../../../../../../Git/ColiseumChaos/Content/GameOver/GameOver.uasset" 316
"../../../../../../Git/ColiseumChaos/Content/GameOver/GameOverBP.uasset" 317
"../../../../../../Git/ColiseumChaos/Content/Maps/GAME_OVER.umap" 318
"../../Plugins/Enterprise/DatasmithContent/Content/Blueprints/FBXImporter/Animation/DeltaGenAnimationTrackType.uasset" 319
"../../Plugins/Enterprise/DatasmithContent/Content/Blueprints/FBXImporter/Animation/DeltaGenAnimationTrack.uasset" 320
"../../Plugins/Enterprise/DatasmithContent/Content/Blueprints/FBXImporter/Animation/DeltaGenTimelineAnimation.uasset" 321
"../../Plugins/Enterprise/DatasmithContent/Content/Blueprints/FBXImporter/ArrayOfActor.uasset" 322
"../../Plugins/Enterprise/DatasmithContent/Content/Blueprints/FBXImporter/ArrayOfSwitch.uasset" 323
"../../Plugins/Enterprise/DatasmithContent/Content/Blueprints/FBXImporter/BP_Switch.uasset" 324
"../../Plugins/Enterprise/DatasmithContent/Content/Blueprints/FBXImporter/BP_SceneRoot.uasset" 325
"../../Plugins/Enterprise/DatasmithContent/Content/Blueprints/FBXImporter/BP_SceneNode.uasset" 326
"../../Plugins/Enterprise/DatasmithContent/Content/Blueprints/FBXImporter/BP_AnimatedNode.uasset" 327
"../../Plugins/Enterprise/DatasmithContent/Content/Blueprints/FBXImporter/BP_Animation.uasset" 328
"../../../../../../Git/ColiseumChaos/Content/GUI/MainMenu/MMCam.uasset" 329
"../../../../../../Git/ColiseumChaos/Content/Maps/Logo_BuiltData.uasset" 330
"../../../../../../Git/ColiseumChaos/Content/LogoPart/bg.uasset" 331
"../../../../../../Git/ColiseumChaos/Content/LogoPart/logoBackground.uasset" 332
"../../../../../../Git/ColiseumChaos/Content/LogoPart/LOGO.uasset" 333
"../../../../../../Git/ColiseumChaos/Content/LogoPart/logoIcon.uasset" 334
"../../../../../../Git/ColiseumChaos/Content/Sound/Music/Aberration_Logo.uasset" 335
"../../../../../../Git/ColiseumChaos/Content/Maps/Logo.umap" 336
"../../../../../../Git/ColiseumChaos/Content/GUI/MainMenu/Barracks/BarracksBG.uasset" 337
"../../../../../../Git/ColiseumChaos/Content/Swords/Pack1/textures/default.uasset" 338
"../../../../../../Git/ColiseumChaos/Content/GUI/MainMenu/Barracks/BarracksMenu1.uasset" 339
"../../../../../../Git/ColiseumChaos/Content/Swords/Pack1/defaultSwordSprite.uasset" 340
"../../../../../../Git/ColiseumChaos/Content/GUI/MainMenu/Barracks/LeaningSword.uasset" 341
"../../../../../../Git/ColiseumChaos/Content/Swords/Pack1/textures/blue.uasset" 342
"../../../../../../Git/ColiseumChaos/Content/Swords/Pack1/blueSwordSprite.uasset" 343
"../../../../../../Git/ColiseumChaos/Content/Swords/Pack1/textures/crimson.uasset" 344
"../../../../../../Git/ColiseumChaos/Content/Swords/Pack1/crimsonSprite.uasset" 345
"../../../../../../Git/ColiseumChaos/Content/Swords/Pack1/textures/green.uasset" 346
"../../../../../../Git/ColiseumChaos/Content/Swords/Pack1/greenSwordSprite.uasset" 347
"../../../../../../Git/ColiseumChaos/Content/Swords/Pack1/textures/magma.uasset" 348
"../../../../../../Git/ColiseumChaos/Content/Swords/Pack1/magmaSprite.uasset" 349
"../../../../../../Git/ColiseumChaos/Content/Swords/Pack1/textures/ocean.uasset" 350
"../../../../../../Git/ColiseumChaos/Content/Swords/Pack1/oceanSprite.uasset" 351
"../../../../../../Git/ColiseumChaos/Content/Swords/Pack1/textures/pink.uasset" 352
"../../../../../../Git/ColiseumChaos/Content/Swords/Pack1/pinkSwordSprite.uasset" 353
"../../../../../../Git/ColiseumChaos/Content/Swords/Pack1/textures/rust.uasset" 354
"../../../../../../Git/ColiseumChaos/Content/Swords/Pack1/rustSwordSprite.uasset" 355
"../../../../../../Git/ColiseumChaos/Content/Swords/Pack1/textures/sunset.uasset" 356
"../../../../../../Git/ColiseumChaos/Content/Swords/Pack1/sunsetSprite.uasset" 357
"../../../../../../Git/ColiseumChaos/Content/GUI/MainMenu/Barracks/BarracksSwords.uasset" 358
"../../../../../../Git/ColiseumChaos/Content/GUI/MainMenu/Barracks/Barracks.uasset" 359
"../../../../../../Git/ColiseumChaos/Content/Hats/textures/cap.uasset" 360
"../../../../../../Git/ColiseumChaos/Content/Hats/capSprite.uasset" 361
"../../../../../../Git/ColiseumChaos/Content/GUI/MainMenu/MMPlayer.uasset" 362
"../../../../../../Git/ColiseumChaos/Content/Hats/textures/eyepatch.uasset" 363
"../../../../../../Git/ColiseumChaos/Content/Hats/eyepatchSprite.uasset" 364
"../../../../../../Git/ColiseumChaos/Content/Hats/textures/greyHeadBand.uasset" 365
"../../../../../../Git/ColiseumChaos/Content/Hats/greyHeadbandSprite.uasset" 366
"../../../../../../Git/ColiseumChaos/Content/Hats/textures/shades.uasset" 367
"../../../../../../Git/ColiseumChaos/Content/Hats/shadesSprite.uasset" 368
"../../../../../../Git/ColiseumChaos/Content/GUI/MainMenu/Hats/HatsMenu.uasset" 369
"../../../../../../Git/ColiseumChaos/Content/GUI/MainMenu/Hats/Hats_BG.uasset" 370
"../../Plugins/2D/Paper2D/Content/TranslucentUnlitSpriteMaterial.uasset" 371
"../../../../../../Git/ColiseumChaos/Content/GUI/Text.uasset" 372
"../../../../../../Git/ColiseumChaos/Content/GUI/Text_Sprite.uasset" 373
"../../../../../../Git/ColiseumChaos/Content/GUI/MainMenu/MainMenu.uasset" 374
"../../../../../../Git/ColiseumChaos/Content/GUI/MainMenu/MainMenuActor.uasset" 375
"../../../../../../Git/ColiseumChaos/Content/GUI/MainMenu/Shop/ShopWidget.uasset" 376
"../../../../../../Git/ColiseumChaos/Content/GUI/MainMenu/Shop/ShopBP.uasset" 377
"../../../../../../Git/ColiseumChaos/Content/Maps/MainMenu_BuiltData.uasset" 378
"../../../../../../Git/ColiseumChaos/Content/Maps/mainmenu/door.uasset" 379
"../../../../../../Git/ColiseumChaos/Content/Maps/mainmenu/door_Mat.uasset" 380
"../../../../../../Git/ColiseumChaos/Content/Maps/mainmenu/torch.uasset" 381
"../../../../../../Git/ColiseumChaos/Content/Maps/mainmenu/torch_Mat.uasset" 382
"../../../../../../Git/ColiseumChaos/Content/Maps/mainmenu/wallTile.uasset" 383
"../../../../../../Git/ColiseumChaos/Content/Maps/mainmenu/wallTile_Mat.uasset" 384
"../../../../../../Git/ColiseumChaos/Content/Maps/mainmenu/floorTile.uasset" 385
"../../../../../../Git/ColiseumChaos/Content/Maps/mainmenu/wallTile_Mat_2.uasset" 386
"../../../Engine/Content/BasicShapes/Cube.uasset" 387
"../../../../../../Git/ColiseumChaos/Content/Enemy/Mage/fire1.uasset" 388
"../../../../../../Git/ColiseumChaos/Content/Maps/MainMenu.umap" 389
"../../../../../../Git/ColiseumChaos/Content/Enemy/Gollem/GolemBP.uasset" 390
"../../../../../../Git/ColiseumChaos/Content/Enemy/Mage/FireMageBP.uasset" 391
"../../../../../../Git/ColiseumChaos/Content/Enemy/Scavenger/ScavengerBP.uasset" 392
"../../../../../../Git/ColiseumChaos/Content/Enemy/Spawner.uasset" 393
"../../../../../../Git/ColiseumChaos/Content/Fonts/Wizard.uasset" 394
"../../../../../../Git/ColiseumChaos/Content/Fonts/Wizard_Font.uasset" 395
"../../../../../../Git/ColiseumChaos/Content/Maps/ColiseumExtras/KingText.uasset" 396
"../../../../../../Git/ColiseumChaos/Content/Maps/ColiseumExtras/kingTexture.uasset" 397
"../../../../../../Git/ColiseumChaos/Content/Maps/ColiseumExtras/kingTexture_Sprite.uasset" 398
"../../../../../../Git/ColiseumChaos/Content/Maps/ColiseumExtras/KingBP.uasset" 399
"../../../../../../Git/ColiseumChaos/Content/Tilesets/tree.uasset" 400
"../../../../../../Git/ColiseumChaos/Content/Tilesets/tree_spr.uasset" 401
"../../../../../../Git/ColiseumChaos/Content/Tilesets/Tree_Obj.uasset" 402
"../../../../../../Git/ColiseumChaos/Content/Maps/Sand_LvL_BuiltData.uasset" 403
"../../../../../../Git/ColiseumChaos/Content/GUI/WeatherOverlay/Rain_1.uasset" 404
"../../../../../../Git/ColiseumChaos/Content/GUI/WeatherOverlay/rain_Mat.uasset" 405
"../../../../../../Git/ColiseumChaos/Content/GUI/WeatherOverlay/rainParticle.uasset" 406
"../../../../../../Git/ColiseumChaos/Content/Maps/ColiseumExtras/Crowd/Crowd1-2.uasset" 407
"../../../../../../Git/ColiseumChaos/Content/Maps/ColiseumExtras/Crowd/Crowd1-2_Sprite.uasset" 408
"../../../../../../Git/ColiseumChaos/Content/Maps/ColiseumExtras/Crowd/Crowd1-3.uasset" 409
"../../../../../../Git/ColiseumChaos/Content/Maps/ColiseumExtras/Crowd/Crowd1-3_Sprite.uasset" 410
"../../../../../../Git/ColiseumChaos/Content/Maps/ColiseumExtras/Crowd/Crowd1-1.uasset" 411
"../../../../../../Git/ColiseumChaos/Content/Maps/ColiseumExtras/Crowd/Crowd1_Sprite.uasset" 412
"../../../../../../Git/ColiseumChaos/Content/Maps/ColiseumExtras/Crowd/Crowd1.uasset" 413
"../../../../../../Git/ColiseumChaos/Content/Maps/ColiseumExtras/Crowd/Crowd2-1.uasset" 414
"../../../../../../Git/ColiseumChaos/Content/Maps/ColiseumExtras/Crowd/Crowd2-1_Sprite.uasset" 415
"../../../../../../Git/ColiseumChaos/Content/Maps/ColiseumExtras/Crowd/Crowd2-2.uasset" 416
"../../../../../../Git/ColiseumChaos/Content/Maps/ColiseumExtras/Crowd/Crowd2-2_Sprite.uasset" 417
"../../../../../../Git/ColiseumChaos/Content/Maps/ColiseumExtras/Crowd/Crowd2-3.uasset" 418
"../../../../../../Git/ColiseumChaos/Content/Maps/ColiseumExtras/Crowd/Crowd2-3_Sprite.uasset" 419
"../../../../../../Git/ColiseumChaos/Content/Maps/ColiseumExtras/Crowd/Crowd2.uasset" 420
"../../../../../../Git/ColiseumChaos/Content/Maps/ColiseumExtras/Crowd/Crowd3-1.uasset" 421
"../../../../../../Git/ColiseumChaos/Content/Maps/ColiseumExtras/Crowd/Crowd3-1_Sprite.uasset" 422
"../../../../../../Git/ColiseumChaos/Content/Maps/ColiseumExtras/Crowd/Crowd3-2.uasset" 423
"../../../../../../Git/ColiseumChaos/Content/Maps/ColiseumExtras/Crowd/Crowd3-2_Sprite.uasset" 424
"../../../../../../Git/ColiseumChaos/Content/Maps/ColiseumExtras/Crowd/Crowd3-3.uasset" 425
"../../../../../../Git/ColiseumChaos/Content/Maps/ColiseumExtras/Crowd/Crowd3-3_Sprite.uasset" 426
"../../../../../../Git/ColiseumChaos/Content/Maps/ColiseumExtras/Crowd/Crowd3.uasset" 427
"../../../../../../Git/ColiseumChaos/Content/Tilesets/Forest/ForestTileset.uasset" 428
"../../../../../../Git/ColiseumChaos/Content/Tilesets/Forest/ForestTileset_TileSet.uasset" 429
"../../../../../../Git/ColiseumChaos/Content/Maps/Forest_C.uasset" 430
"../../../../../../Git/ColiseumChaos/Content/Tilesets/Moon/Moon.uasset" 431
"../../../../../../Git/ColiseumChaos/Content/Tilesets/Moon/Moon_TileSet.uasset" 432
"../../../../../../Git/ColiseumChaos/Content/Maps/Moon_C.uasset" 433
"../../../../../../Git/ColiseumChaos/Content/Maps/Sand_C.uasset" 434
"../../../../../../Git/ColiseumChaos/Content/Sound/crowd_mixdown.uasset" 435
"../../../../../../Git/ColiseumChaos/Content/Sound/kingtalk.uasset" 436
"../../../../../../Git/ColiseumChaos/Content/Sound/Music/02_-_De_Baza_Overture.uasset" 437
"../../../../../../Git/ColiseumChaos/Content/Sound/Music/04_-_Erupting_Trees.uasset" 438
"../../../../../../Git/ColiseumChaos/Content/Sound/Music/05_-_Starlight_Arena.uasset" 439
"../../../../../../Git/ColiseumChaos/Content/Maps/Sand_LvL.umap" 440
"../../../../../../Git/ColiseumChaos/Content/Maps/Sand_LvL1_BuiltData.uasset" 441
"../../../../../../Git/ColiseumChaos/Content/Maps/Sand_LvL1.umap" 442
"../../../Engine/Content/Maps/Entry_BuiltData.uasset" 443
"../../../Engine/Content/Maps/Entry.umap" 444
