Log file open, 09/29/18 14:04:13
LogWindows: Failed to load 'aqProf.dll' (GetLastError=126)
LogWindows: File 'aqProf.dll' does not exist
LogWindows: Failed to load 'VtuneApi.dll' (GetLastError=126)
LogWindows: File 'VtuneApi.dll' does not exist
LogWindows: Failed to load 'VtuneApi32e.dll' (GetLastError=126)
LogWindows: File 'VtuneApi32e.dll' does not exist
LogInit: Display: Running engine for game: ColiseumChaos
LogPlatformFile: Not using cached read wrapper
LogTaskGraph: Started task graph with 5 named threads and 23 total threads with 3 sets of task threads.
LogStats: Stats thread started at 0.373039
LogD3D11RHI: Loaded GFSDK_Aftermath_Lib.x64.dll
LogICUInternationalization: Display: ICU TimeZone Detection - Raw Offset: -5:00, Platform Override: ''
LogPluginManager: Mounting plugin Paper2D
LogPluginManager: Mounting plugin AISupport
LogPluginManager: Mounting plugin LightPropagationVolume
LogPluginManager: Mounting plugin CLionSourceCodeAccess
LogPluginManager: Mounting plugin CodeLiteSourceCodeAccess
LogPluginManager: Mounting plugin GitSourceControl
LogPluginManager: Mounting plugin KDevelopSourceCodeAccess
LogPluginManager: Mounting plugin NullSourceCodeAccess
LogPluginManager: Mounting plugin PerforceSourceControl
LogPluginManager: Mounting plugin SubversionSourceControl
LogPluginManager: Mounting plugin UObjectPlugin
LogPluginManager: Mounting plugin VisualStudioCodeSourceCodeAccess
LogPluginManager: Mounting plugin VisualStudioSourceCodeAccess
LogPluginManager: Mounting plugin XCodeSourceCodeAccess
LogPluginManager: Mounting plugin AssetManagerEditor
LogPluginManager: Mounting plugin CryptoKeys
LogPluginManager: Mounting plugin DataValidation
LogPluginManager: Mounting plugin FacialAnimation
LogPluginManager: Mounting plugin GameplayTagsEditor
LogPluginManager: Mounting plugin MacGraphicsSwitching
LogPluginManager: Mounting plugin MeshEditor
LogPluginManager: Mounting plugin MobileLauncherProfileWizard
LogPluginManager: Mounting plugin PluginBrowser
LogPluginManager: Mounting plugin SpeedTreeImporter
LogPluginManager: Mounting plugin DatasmithContent
LogPluginManager: Mounting plugin AlembicImporter
LogPluginManager: Mounting plugin AppleImageUtils
LogPluginManager: Mounting plugin AppleVision
LogPluginManager: Mounting plugin BackChannel
LogPluginManager: Mounting plugin CharacterAI
LogPluginManager: Mounting plugin GeometryCache
LogPluginManager: Mounting plugin HTML5Networking
LogPluginManager: Mounting plugin ProxyLODPlugin
LogPluginManager: Mounting plugin MagicLeap
LogPluginManager: Mounting plugin MagicLeapEmulator
LogPluginManager: Mounting plugin MagicLeapMedia
LogPluginManager: Mounting plugin AndroidMedia
LogPluginManager: Mounting plugin AvfMedia
LogPluginManager: Mounting plugin ImgMedia
LogPluginManager: Mounting plugin LinearTimecode
LogPluginManager: Mounting plugin MediaCompositing
LogPluginManager: Mounting plugin MediaPlayerEditor
LogPluginManager: Mounting plugin WmfMedia
LogPluginManager: Mounting plugin TcpMessaging
LogPluginManager: Mounting plugin UdpMessaging
LogPluginManager: Mounting plugin ActorSequence
LogPluginManager: Mounting plugin LevelSequenceEditor
LogPluginManager: Mounting plugin MatineeToLevelSequence
LogPluginManager: Mounting plugin NetcodeUnitTest
LogPluginManager: Mounting plugin NUTUnrealEngine4
LogPluginManager: Mounting plugin OnlineSubsystemGooglePlay
LogPluginManager: Mounting plugin OnlineSubsystemIOS
LogPluginManager: Mounting plugin OnlineSubsystem
LogPluginManager: Mounting plugin OnlineSubsystemNull
LogPluginManager: Mounting plugin OnlineSubsystemSteam
LogPluginManager: Mounting plugin OnlineSubsystemUtils
LogPluginManager: Mounting plugin LauncherChunkInstaller
LogPluginManager: Mounting plugin AndroidDeviceProfileSelector
LogPluginManager: Mounting plugin AndroidMoviePlayer
LogPluginManager: Mounting plugin AndroidPermission
LogPluginManager: Mounting plugin AppleMoviePlayer
LogPluginManager: Mounting plugin ArchVisCharacter
LogPluginManager: Mounting plugin AudioCapture
LogPluginManager: Mounting plugin CableComponent
LogPluginManager: Mounting plugin CustomMeshComponent
LogPluginManager: Mounting plugin EditableMesh
LogPluginManager: Mounting plugin ExampleDeviceProfileSelector
LogPluginManager: Mounting plugin GoogleCloudMessaging
LogPluginManager: Mounting plugin ImmediatePhysics
LogPluginManager: Mounting plugin IOSDeviceProfileSelector
LogPluginManager: Mounting plugin LinuxDeviceProfileSelector
LogPluginManager: Mounting plugin LocationServicesBPLibrary
LogPluginManager: Mounting plugin MobilePatchingUtils
LogPluginManager: Mounting plugin OculusVR
LogPluginManager: Plugin shader directory ../../../Engine/Plugins/Runtime/Oculus/OculusVR/Shaders found
LogPluginManager: Mapping shader source directory ../../../Engine/Plugins/Runtime/Oculus/OculusVR/Shaders to virtual directory /Plugin/OculusVR
LogPluginManager: Mounting plugin PhysXVehicles
LogPluginManager: Mounting plugin ProceduralMeshComponent
LogPluginManager: Mounting plugin RuntimePhysXCooking
LogPluginManager: Mounting plugin SteamAudio
LogPluginManager: Mounting plugin SteamController
LogPluginManager: Mounting plugin SteamVR
LogPluginManager: Mounting plugin WindowsMoviePlayer
LogStreaming: Display: Took  0.415s to configure plugins.
LogInit: Using libcurl 7.55.1-DEV
LogInit:  - built for x86_64-pc-win32
LogInit:  - supports SSL with OpenSSL/1.0.2h
LogInit:  - supports HTTP deflate (compression) using libz 1.2.8
LogInit:  - other features:
LogInit:      CURL_VERSION_SSL
LogInit:      CURL_VERSION_LIBZ
LogInit:      CURL_VERSION_IPV6
LogInit:      CURL_VERSION_ASYNCHDNS
LogInit:      CURL_VERSION_LARGEFILE
LogInit:      CURL_VERSION_IDN
LogInit:  CurlRequestOptions (configurable via config and command line):
LogInit:  - bVerifyPeer = false  - Libcurl will NOT verify peer certificate
LogInit:  - bUseHttpProxy = false  - Libcurl will NOT use HTTP proxy
LogInit:  - bDontReuseConnections = false  - Libcurl will reuse connections
LogInit:  - CertBundlePath = nullptr  - Libcurl will use whatever was configured at build time.
LogInit:  - MaxHostConnections = 16  - Libcurl will limit the number of connections to a host
LogInit:  - LocalHostAddr = Default
LogInit:  - BufferSize = 65536
LogInit: WinSock: version 1.1 (2.2), MaxSocks=32767, MaxUdp=65467
LogInit: Build: ++UE4+Release-4.20-CL-4233996
LogInit: Engine Version: 4.20.1-4233996+++UE4+Release-4.20
LogInit: Compatible Engine Version: 4.20.0-4212847+++UE4+Release-4.20
LogInit: Net CL: 4212847
LogInit: OS: Windows 10 (), CPU: Intel(R) Core(TM) i7-7700HQ CPU @ 2.80GHz, GPU: Intel(R) HD Graphics 630
LogInit: Compiled (64-bit): Jul 26 2018 10:07:30
LogInit: Compiled with Visual C++: 19.13.26129.00
LogInit: Build Configuration: Development
LogInit: Branch Name: ++UE4+Release-4.20
LogInit: Command Line: 
LogInit: Base Directory: D:/Epic Games/Fortnite/UE_4.20/Engine/Binaries/Win64/
LogInit: Installed Engine Build: 1
LogDevObjectVersion: Number of dev versions registered: 20
LogDevObjectVersion:   Dev-Blueprints (B0D832E4-1F89-4F0D-ACCF-7EB736FD4AA2): 10
LogDevObjectVersion:   Dev-Build (E1C64328-A22C-4D53-A36C-8E866417BD8C): 0
LogDevObjectVersion:   Dev-Core (375EC13C-06E4-48FB-B500-84F0262A717E): 2
LogDevObjectVersion:   Dev-Editor (E4B068ED-F494-42E9-A231-DA0B2E46BB41): 24
LogDevObjectVersion:   Dev-Framework (CFFC743F-43B0-4480-9391-14DF171D2073): 34
LogDevObjectVersion:   Dev-Mobile (B02B49B5-BB20-44E9-A304-32B752E40360): 2
LogDevObjectVersion:   Dev-Networking (A4E4105C-59A1-49B5-A7C5-40C4547EDFEE): 0
LogDevObjectVersion:   Dev-Online (39C831C9-5AE6-47DC-9A44-9C173E1C8E7C): 0
LogDevObjectVersion:   Dev-Physics (78F01B33-EBEA-4F98-B9B4-84EACCB95AA2): 0
LogDevObjectVersion:   Dev-Platform (6631380F-2D4D-43E0-8009-CF276956A95A): 0
LogDevObjectVersion:   Dev-Rendering (12F88B9F-8875-4AFC-A67C-D90C383ABD29): 26
LogDevObjectVersion:   Dev-Sequencer (7B5AE74C-D270-4C10-A958-57980B212A5A): 9
LogDevObjectVersion:   Dev-VR (D7296918-1DD6-4BDD-9DE2-64A83CC13884): 2
LogDevObjectVersion:   Dev-LoadTimes (C2A15278-BFE7-4AFE-6C17-90FF531DF755): 1
LogDevObjectVersion:   Private-Geometry (6EACA3D4-40EC-4CC1-B786-8BED09428FC5): 3
LogDevObjectVersion:   Dev-AnimPhys (29E575DD-E0A3-4627-9D10-D276232CDCEA): 17
LogDevObjectVersion:   Dev-ReflectionCapture (6B266CEC-1EC7-4B8F-A30B-E4D90942FC07): 1
LogDevObjectVersion:   Dev-Automation (0DF73D61-A23F-47EA-B727-89E90C41499A): 1
LogDevObjectVersion:   FortniteMain (601D1886-AC64-4F84-AA16-D3DE0DEAC7D6): 12
LogDevObjectVersion:   Dev-Enterprise (9DFFBCD6-494F-0158-E221-12823C92A888): 1
LogStreaming: Display: Took  0.070s to delete old logs.
LogInit: Presizing for max 8388607 objects, including 0 objects not considered by GC, pre-allocating 0 bytes for permanent pool.
LogInit: Object subsystem initialized
[2018.09.29-18.04.14:001][  0]LogInit: Selected Device Profile: [Windows]
[2018.09.29-18.04.14:001][  0]LogInit: Applying CVar settings loaded from the selected device profile: [Windows]
[2018.09.29-18.04.14:067][  0]LogHAL: Display: Platform has ~ 16 GB [17095811072 / 17179869184 / 16], which maps to Larger [LargestMinGB=32, LargerMinGB=12, DefaultMinGB=8, SmallerMinGB=6, SmallestMinGB=0)
[2018.09.29-18.04.14:067][  0]LogInit: Setting Device Profile CVar: [[r.Vulkan.UseRealUBs:1]]
[2018.09.29-18.04.14:067][  0]LogInit: Going up to parent DeviceProfile []
[2018.09.29-18.04.14:068][  0]LogInit: Computer: MSI
[2018.09.29-18.04.14:068][  0]LogInit: User: ender
[2018.09.29-18.04.14:068][  0]LogInit: CPU Page size=4096, Cores=4
[2018.09.29-18.04.14:068][  0]LogInit: High frequency timer resolution =2.742190 MHz
[2018.09.29-18.04.14:069][  0]LogMemory: Memory total: Physical=15.9GB (16GB approx)
[2018.09.29-18.04.14:069][  0]LogMemory: Platform Memory Stats for Windows
[2018.09.29-18.04.14:069][  0]LogMemory: Process Physical Memory: 102.12 MB used, 102.12 MB peak
[2018.09.29-18.04.14:069][  0]LogMemory: Process Virtual Memory: 85.58 MB used, 85.58 MB peak
[2018.09.29-18.04.14:069][  0]LogMemory: Physical Memory: 6365.68 MB used,  9938.15 MB free, 16303.84 MB total
[2018.09.29-18.04.14:069][  0]LogMemory: Virtual Memory: 4639.70 MB used,  9938.15 MB free, 134217728.00 MB total
[2018.09.29-18.04.14:839][  0]LogInit: Using OS detected language (en-US).
[2018.09.29-18.04.14:839][  0]LogInit: Using OS detected locale (en-US).
[2018.09.29-18.04.14:841][  0]LogTextLocalizationManager: No specific localization for 'en-US' exists, so the 'en' localization will be used.
[2018.09.29-18.04.15:702][  0]LogStreaming: Display: Took  0.863s to InitEngineTextLocalization.
[2018.09.29-18.04.15:765][  0]LogSlate: New Slate User Created.  User Index 0, Is Virtual User: 0
[2018.09.29-18.04.15:765][  0]LogSlate: Slate User Registered.  User Index 0, Is Virtual User: 0
[2018.09.29-18.04.16:201][  0]LogHMD: Failed to initialize OpenVR with code 110
[2018.09.29-18.04.16:201][  0]LogD3D11RHI: D3D11 adapters:
[2018.09.29-18.04.16:331][  0]LogD3D11RHI:    0. 'NVIDIA GeForce GTX 1050' (Feature Level 11_0)
[2018.09.29-18.04.16:331][  0]LogD3D11RHI:       1979/0/8151 MB DedicatedVideo/DedicatedSystem/SharedSystem, Outputs:1, VendorId:0x10de
[2018.09.29-18.04.16:350][  0]LogD3D11RHI:    1. 'Intel(R) HD Graphics 630' (Feature Level 11_0)
[2018.09.29-18.04.16:350][  0]LogD3D11RHI:       128/0/8151 MB DedicatedVideo/DedicatedSystem/SharedSystem, Outputs:0, VendorId:0x8086
[2018.09.29-18.04.16:355][  0]LogD3D11RHI:    2. 'Microsoft Basic Render Driver' (Feature Level 11_0)
[2018.09.29-18.04.16:355][  0]LogD3D11RHI:       0/0/8151 MB DedicatedVideo/DedicatedSystem/SharedSystem, Outputs:0, VendorId:0x1414
[2018.09.29-18.04.16:356][  0]LogD3D11RHI: Chosen D3D11 Adapter: 0
[2018.09.29-18.04.16:398][  0]LogD3D11RHI: Creating new Direct3DDevice
[2018.09.29-18.04.16:398][  0]LogD3D11RHI:     GPU DeviceId: 0x1c8d (for the marketing name, search the web for "GPU Device Id")
[2018.09.29-18.04.16:398][  0]LogWindows: EnumDisplayDevices:
[2018.09.29-18.04.16:399][  0]LogWindows:    0. 'Intel(R) HD Graphics 630' (P:1 D:1)
[2018.09.29-18.04.16:400][  0]LogWindows:    1. 'Intel(R) HD Graphics 630' (P:0 D:0)
[2018.09.29-18.04.16:401][  0]LogWindows:    2. 'Intel(R) HD Graphics 630' (P:0 D:0)
[2018.09.29-18.04.16:402][  0]LogWindows: DebugString: PrimaryIsNotTheChoosenAdapter PrimaryIsNotTheChoosenAdapter PrimaryIsNotTheChoosenAdapter FoundDriverCount:0 
[2018.09.29-18.04.16:402][  0]LogD3D11RHI:     Adapter Name: NVIDIA GeForce GTX 1050
[2018.09.29-18.04.16:402][  0]LogD3D11RHI:   Driver Version: Unknown (internal:Unknown, unified:Unknown)
[2018.09.29-18.04.16:402][  0]LogD3D11RHI:      Driver Date: Unknown
[2018.09.29-18.04.16:402][  0]LogRHI: Texture pool is 1385 MB (70% of 1979 MB)
[2018.09.29-18.04.16:498][  0]LogD3D11RHI: Async texture creation enabled
[2018.09.29-18.04.16:519][  0]LogD3D11RHI: GPU Timing Frequency: 1000.000000 (Debug: 2 2)
[2018.09.29-18.04.16:522][  0]LogShaderCompilers: Guid format shader working directory is 10 characters bigger than the processId version (../../../../../../Git/ColiseumChaos/Intermediate/Shaders/WorkingDirectory/11372/).
[2018.09.29-18.04.16:522][  0]LogShaderCompilers: Cleaned the shader compiler working directory 'C:/Users/ender/AppData/Local/Temp/UnrealShaderWorkingDir/8A8DDA5945728AD5E095C39C1C95ACA1/'.
[2018.09.29-18.04.17:136][  0]LogTemp: Display: Loaded TP AllDesktopTargetPlatform
[2018.09.29-18.04.17:165][  0]LogTemp: Display: Loaded TP MacClientTargetPlatform
[2018.09.29-18.04.17:194][  0]LogTemp: Display: Loaded TP MacNoEditorTargetPlatform
[2018.09.29-18.04.17:224][  0]LogTemp: Display: Loaded TP MacServerTargetPlatform
[2018.09.29-18.04.17:256][  0]LogTemp: Display: Loaded TP MacTargetPlatform
[2018.09.29-18.04.17:287][  0]LogTemp: Display: Loaded TP WindowsClientTargetPlatform
[2018.09.29-18.04.17:315][  0]LogTemp: Display: Loaded TP WindowsNoEditorTargetPlatform
[2018.09.29-18.04.17:354][  0]LogTemp: Display: Loaded TP WindowsServerTargetPlatform
[2018.09.29-18.04.17:367][  0]LogTemp: Display: Loaded TP WindowsTargetPlatform
[2018.09.29-18.04.17:566][  0]LogTemp: Display: Loaded TP AndroidTargetPlatform
[2018.09.29-18.04.17:566][  0]LogTemp: Display: Loaded TP AndroidTargetPlatform
[2018.09.29-18.04.17:566][  0]LogTemp: Display: Loaded TP AndroidTargetPlatform
[2018.09.29-18.04.17:566][  0]LogTemp: Display: Loaded TP AndroidTargetPlatform
[2018.09.29-18.04.17:566][  0]LogTemp: Display: Loaded TP AndroidTargetPlatform
[2018.09.29-18.04.17:566][  0]LogTemp: Display: Loaded TP AndroidTargetPlatform
[2018.09.29-18.04.17:566][  0]LogTemp: Display: Loaded TP AndroidTargetPlatform
[2018.09.29-18.04.17:566][  0]LogTemp: Display: Loaded TP AndroidTargetPlatform
[2018.09.29-18.04.17:566][  0]LogTemp: Display: Loaded TP AndroidTargetPlatform
[2018.09.29-18.04.17:566][  0]LogTemp: Display: Loaded TP AndroidTargetPlatform
[2018.09.29-18.04.17:566][  0]LogTemp: Display: Loaded TP AndroidTargetPlatform
[2018.09.29-18.04.17:566][  0]LogTemp: Display: Loaded TP AndroidTargetPlatform
[2018.09.29-18.04.17:566][  0]LogTemp: Display: Loaded TP AndroidTargetPlatform
[2018.09.29-18.04.17:566][  0]LogTemp: Display: Loaded TP AndroidTargetPlatform
[2018.09.29-18.04.17:567][  0]LogTemp: Display: Loaded TP AndroidTargetPlatform
[2018.09.29-18.04.17:567][  0]LogTemp: Display: Loaded TP AndroidTargetPlatform
[2018.09.29-18.04.17:567][  0]LogTemp: Display: Loaded TP AndroidTargetPlatform
[2018.09.29-18.04.17:567][  0]LogTemp: Display: Loaded TP AndroidTargetPlatform
[2018.09.29-18.04.17:569][  0]LogTemp: Display: Loaded TP HTML5TargetPlatform
[2018.09.29-18.04.17:666][  0]LogTemp: Display: Loaded TP IOSTargetPlatform
[2018.09.29-18.04.17:666][  0]LogTemp: Display: Loaded TP IOSTargetPlatform
[2018.09.29-18.04.17:723][  0]LogTemp: Display: Loaded TP TVOSTargetPlatform
[2018.09.29-18.04.17:724][  0]LogTemp: Display: Loaded TP TVOSTargetPlatform
[2018.09.29-18.04.17:753][  0]LogTemp: Display: Loaded TP LinuxClientTargetPlatform
[2018.09.29-18.04.17:781][  0]LogTemp: Display: Loaded TP LinuxNoEditorTargetPlatform
[2018.09.29-18.04.17:811][  0]LogTemp: Display: Loaded TP LinuxServerTargetPlatform
[2018.09.29-18.04.17:840][  0]LogTemp: Display: Loaded TP LinuxTargetPlatform
[2018.09.29-18.04.17:861][  0]LogTemp: Display: Loaded TP LuminTargetPlatform
[2018.09.29-18.04.17:861][  0]LogTargetPlatformManager: Display: Building Assets For Windows
[2018.09.29-18.04.17:964][  0]LogXGEController: Cannot use XGE Controller as Incredibuild is not installed on this machine.
[2018.09.29-18.04.17:964][  0]LogShaderCompilers: Cannot use XGE Shader Compiler as Incredibuild is not installed on this machine.
[2018.09.29-18.04.17:964][  0]LogShaderCompilers: Display: Using Local Shader Compiler.
[2018.09.29-18.04.19:738][  0]LogDerivedDataCache: Display: Max Cache Size: 512 MB
[2018.09.29-18.04.19:865][  0]LogDerivedDataCache: Loaded boot cache 0.13s 71MB C:/Users/ender/AppData/Local/UnrealEngine/4.20/DerivedDataCache/Boot.ddc.
[2018.09.29-18.04.19:866][  0]LogDerivedDataCache: Display: Loaded Boot cache: C:/Users/ender/AppData/Local/UnrealEngine/4.20/DerivedDataCache/Boot.ddc
[2018.09.29-18.04.19:866][  0]LogDerivedDataCache: FDerivedDataBackendGraph:  Pak pak cache file ../../../../../../Git/ColiseumChaos/DerivedDataCache/DDC.ddp not found, will not use a pak cache.
[2018.09.29-18.04.19:866][  0]LogDerivedDataCache: Unable to find inner node Pak for hierarchical cache Hierarchy.
[2018.09.29-18.04.19:866][  0]LogDerivedDataCache: FDerivedDataBackendGraph:  CompressedPak pak cache file ../../../../../../Git/ColiseumChaos/DerivedDataCache/Compressed.ddp not found, will not use a pak cache.
[2018.09.29-18.04.19:866][  0]LogDerivedDataCache: Unable to find inner node CompressedPak for hierarchical cache Hierarchy.
[2018.09.29-18.04.19:897][  0]LogDerivedDataCache: Display: Pak cache opened for reading ../../../Engine/DerivedDataCache/Compressed.ddp.
[2018.09.29-18.04.19:911][  0]LogDerivedDataCache: Using Local data cache path C:/Users/ender/AppData/Local/UnrealEngine/Common/DerivedDataCache: Writable
[2018.09.29-18.04.19:911][  0]LogDerivedDataCache: Shared data cache path not found in *engine.ini, will not use an Shared cache.
[2018.09.29-18.04.19:911][  0]LogDerivedDataCache: Unable to find inner node Shared for hierarchical cache Hierarchy.
[2018.09.29-18.04.19:955][  0]LogMaterial: Verifying Global Shaders for PCD3D_SM5
[2018.09.29-18.04.19:958][  0]LogSlate: Using FreeType 2.6.0
[2018.09.29-18.04.19:960][  0]LogSlate: SlateFontServices - WITH_FREETYPE: 1, WITH_HARFBUZZ: 1
[2018.09.29-18.04.20:109][  0]LogAssetRegistry: FAssetRegistry took 0.0325 seconds to start up
[2018.09.29-18.04.20:893][  0]LogInit: Selected Device Profile: [Windows]
[2018.09.29-18.04.21:745][  0]LogSimplygon: Simplygon DLL not present - disabling.
[2018.09.29-18.04.21:752][  0]LogMeshReduction: Using SimplygonSwarm for distributed automatic mesh merging
[2018.09.29-18.04.21:752][  0]LogMeshReduction: Using ProxyLODMeshReduction for automatic mesh merging
[2018.09.29-18.04.21:752][  0]LogMeshReduction: Using QuadricMeshReduction for automatic static mesh reduction
[2018.09.29-18.04.21:752][  0]LogMeshReduction: No automatic skeletal mesh reduction module available
[2018.09.29-18.04.21:798][  0]LogNetVersion: ColiseumChaos 1.0.0, NetCL: 4212847, EngineNetVer: 5, GameNetVer: 0 (Checksum: 1884083424)
[2018.09.29-18.04.23:103][  0]LogPackageLocalizationCache: Processed 12 localized package path(s) for 2 prioritized culture(s) in 0.397930 seconds
[2018.09.29-18.04.23:118][  0]LogUObjectArray: 38425 objects as part of root set at end of initial load.
[2018.09.29-18.04.23:118][  0]LogUObjectAllocator: 6690872 out of 0 bytes used by permanent object pool.
[2018.09.29-18.04.23:118][  0]LogUObjectArray: CloseDisregardForGC: 0/0 objects in disregard for GC pool
[2018.09.29-18.04.25:121][  0]LogTcpMessaging: Initializing TcpMessaging bridge
[2018.09.29-18.04.25:136][  0]LogUdpMessaging: Initializing bridge on interface 0.0.0.0:0 to multicast group 230.0.0.1:6666.
[2018.09.29-18.04.25:429][  0]LogSteamAudio: FSteamAudioModule Startup
[2018.09.29-18.04.25:429][  0]LogSteamAudio: Attempting to load ../../../Engine/Binaries/ThirdParty/Phonon/Win64/tanrt64.dll
[2018.09.29-18.04.25:490][  0]LogSteamAudio: Loaded ../../../Engine/Binaries/ThirdParty/Phonon/Win64/tanrt64.dll.
[2018.09.29-18.04.25:490][  0]LogSteamAudio: Attempting to load ../../../Engine/Binaries/ThirdParty/Phonon/Win64/GPUUtilities.dll
[2018.09.29-18.04.25:527][  0]LogSteamAudio: Loaded ../../../Engine/Binaries/ThirdParty/Phonon/Win64/GPUUtilities.dll.
[2018.09.29-18.04.25:527][  0]LogSteamAudio: Attempting to load ../../../Engine/Binaries/ThirdParty/Phonon/Win64/phonon.dll
[2018.09.29-18.04.25:656][  0]LogSteamAudio: Loaded ../../../Engine/Binaries/ThirdParty/Phonon/Win64/phonon.dll.
[2018.09.29-18.04.25:746][  0]SourceControl: Source control is disabled
[2018.09.29-18.04.27:443][  0]LogOnline: Display: STEAM: Loading Steam SDK 1.39
[2018.09.29-18.04.27:512][  0]LogAndroidPermission: UAndroidPermissionCallbackProxy::GetInstance
[2018.09.29-18.04.27:717][  0]LogOcInput: OculusInput pre-init called
[2018.09.29-18.04.27:870][  0]LogEngine: Initializing Engine...
[2018.09.29-18.04.27:871][  0]LogHMD: Failed to initialize OpenVR with code 110
[2018.09.29-18.04.27:875][  0]LogStats: UGameplayTagsManager::ConstructGameplayTagTree: ImportINI prefixes -  0.000 s
[2018.09.29-18.04.27:875][  0]LogStats: UGameplayTagsManager::ConstructGameplayTagTree: Construct from data asset -  0.000 s
[2018.09.29-18.04.27:875][  0]LogStats: UGameplayTagsManager::ConstructGameplayTagTree: ImportINI -  0.000 s
[2018.09.29-18.04.27:875][  0]LogStats: UGameplayTagsManager::ConstructGameplayTagTree: GameplayTagTreeChangedEvent.Broadcast -  0.000 s
[2018.09.29-18.04.28:376][  0]LogInit: Initializing FReadOnlyCVARCache
[2018.09.29-18.04.28:405][  0]LogAIModule: Creating AISystem for world Untitled
[2018.09.29-18.04.28:468][  0]LogInit: XAudio2 using 'Speakers (Realtek High Definition Audio)' : 6 channels at 48 kHz using 32 bits per sample (channel mask 0x3f)
[2018.09.29-18.04.28:640][  0]LogInit: FAudioDevice initialized.
[2018.09.29-18.04.28:641][  0]LogNetVersion: Set ProjectVersion to 0.0.1. Version Checksum will be recalculated on next use.
[2018.09.29-18.04.28:910][  0]LogDerivedDataCache: Saved boot cache 0.27s 71MB C:/Users/ender/AppData/Local/UnrealEngine/4.20/DerivedDataCache/Boot.ddc.
[2018.09.29-18.04.28:916][  0]LogInit: Texture streaming: Enabled
[2018.09.29-18.04.28:943][  0]LogEngineSessionManager: EngineSessionManager initialized
[2018.09.29-18.04.28:974][  0]LogInit: Transaction tracking system initialized
[2018.09.29-18.04.29:009][  0]BlueprintLog: New page: Editor Load
[2018.09.29-18.04.29:162][  0]LocalizationService: Localization service is disabled
[2018.09.29-18.04.29:727][  0]LogCook: Display: Max memory allowance for cook 16384mb min free memory 0mb
[2018.09.29-18.04.29:727][  0]LogCook: Display: Mobile HDR setting 0
[2018.09.29-18.04.29:727][  0]LogGameplayTags: Display: UGameplayTagsManager::DoneAddingNativeTags. DelegateIsBound: 0
[2018.09.29-18.04.29:728][  0]LogStats: UGameplayTagsManager::ConstructGameplayTagTree: ImportINI prefixes -  0.000 s
[2018.09.29-18.04.29:728][  0]LogStats: UGameplayTagsManager::ConstructGameplayTagTree: Construct from data asset -  0.000 s
[2018.09.29-18.04.29:728][  0]LogStats: UGameplayTagsManager::ConstructGameplayTagTree: ImportINI -  0.000 s
[2018.09.29-18.04.29:728][  0]LogStats: UGameplayTagsManager::ConstructGameplayTagTree: GameplayTagTreeChangedEvent.Broadcast -  0.000 s
[2018.09.29-18.04.30:069][  0]LogFileCache: Scanning file cache for directory 'D:/Git/ColiseumChaos/Content/' took 0.16s
[2018.09.29-18.04.30:069][  0]Cmd: MAP LOAD FILE="../../../../../../Git/ColiseumChaos/Content/Maps/Logo.umap" TEMPLATE=0 SHOWPROGRESS=1 FEATURELEVEL=3
[2018.09.29-18.04.30:100][  0]LightingResults: New page: Lighting Build
[2018.09.29-18.04.30:104][  0]MapCheck: New page: Map Check
[2018.09.29-18.04.30:104][  0]LightingResults: New page: Lighting Build
[2018.09.29-18.04.32:929][  0]LogAIModule: Creating AISystem for world Logo
[2018.09.29-18.04.32:948][  0]LogEditorServer: Finished looking for orphan Actors (0.000 secs)
[2018.09.29-18.04.33:021][  0]Cmd: MAP CHECKDEP NOCLEARLOG
[2018.09.29-18.04.33:155][  0]MapCheck: Map check complete: 0 Error(s), 0 Warning(s), took 133.412ms to complete.
[2018.09.29-18.04.33:155][  0]LogFileHelpers: Loading map 'Logo' took 3.085
[2018.09.29-18.04.33:329][  0]LogSlate: Updating window title bar state: overlay mode, drag disabled, window buttons hidden, title bar hidden
[2018.09.29-18.04.33:353][  0]LogSlate: Updating window title bar state: overlay mode, drag disabled, window buttons hidden, title bar hidden
[2018.09.29-18.04.33:378][  0]LogSlate: Updating window title bar state: overlay mode, drag disabled, window buttons hidden, title bar hidden
[2018.09.29-18.04.33:401][  0]LogSlate: Updating window title bar state: overlay mode, drag disabled, window buttons hidden, title bar hidden
[2018.09.29-18.04.33:480][  0]LogCollectionManager: Loaded 0 collections in 0.070006 seconds
[2018.09.29-18.04.33:529][  0]LogFileCache: Scanning file cache for directory 'D:/Git/ColiseumChaos/Saved/Collections/' took 0.01s
[2018.09.29-18.04.33:529][  0]LogFileCache: Scanning file cache for directory 'D:/Git/ColiseumChaos/Content/Developers/ender/Collections/' took 0.01s
[2018.09.29-18.04.33:529][  0]LogFileCache: Scanning file cache for directory 'D:/Git/ColiseumChaos/Content/Collections/' took 0.01s
[2018.09.29-18.04.33:529][  0]LogCollectionManager: Rebuilt the GUID cache for 0 collections in 0.000001 seconds
[2018.09.29-18.04.33:553][  0]LogContentBrowser: Native class hierarchy populated in 0.0246 seconds. Added 2588 classes and 613 folders.
[2018.09.29-18.04.33:569][  0]LogContentBrowser: Native class hierarchy updated for 'WidgetCarousel' in 0.0005 seconds. Added 0 classes and 0 folders.
[2018.09.29-18.04.33:664][  0]LogContentBrowser: Native class hierarchy updated for 'AddContentDialog' in 0.0007 seconds. Added 0 classes and 0 folders.
[2018.09.29-18.04.33:672][  0]LogContentBrowser: Native class hierarchy updated for 'SceneOutliner' in 0.0007 seconds. Added 1 classes and 2 folders.
[2018.09.29-18.04.33:721][  0]LogSlate: Took 0.000391 seconds to synchronously load lazily loaded font '../../../Engine/Content/Slate/Fonts/Roboto-Regular.ttf' (155K)
[2018.09.29-18.04.33:726][  0]LogSlate: Took 0.000315 seconds to synchronously load lazily loaded font '../../../Engine/Content/Slate/Fonts/Roboto-Bold.ttf' (160K)
[2018.09.29-18.04.33:743][  0]LogSlate: Took 0.000640 seconds to synchronously load lazily loaded font '../../../Engine/Content/Editor/Slate/Fonts/FontAwesome.ttf' (139K)
[2018.09.29-18.04.33:961][  0]LogRenderer: Reallocating scene render targets to support 908x436 Format 10 NumSamples 1 (Frame:1).
[2018.09.29-18.04.34:225][  0]LogContentBrowser: Native class hierarchy updated for 'HierarchicalLODOutliner' in 0.0005 seconds. Added 0 classes and 0 folders.
[2018.09.29-18.04.34:225][  0]LogLoad: (Engine Initialization) Total time: 24.20 seconds
[2018.09.29-18.04.34:225][  0]LogLoad: (Engine Initialization) Total Blueprint compile time: 0.00 seconds
[2018.09.29-18.04.35:145][  0]LogSteamController: SteamController is not available
[2018.09.29-18.04.35:173][  0]LogContentStreaming: Texture pool size now 3000 MB
[2018.09.29-18.04.35:576][  2]LogSlate: Took 0.000598 seconds to synchronously load lazily loaded font '../../../Engine/Content/Slate/Fonts/Roboto-Light.ttf' (167K)
[2018.09.29-18.04.35:584][  2]LogAssetEditorManager: Opening Asset editor for WidgetBlueprint /Game/GUI/MainMenu/MainMenu.MainMenu
[2018.09.29-18.04.36:353][  2]LogContentBrowser: Native class hierarchy updated for 'BlueprintGraph' in 0.0014 seconds. Added 116 classes and 0 folders.
[2018.09.29-18.04.38:385][  2]LogAssetEditorManager: Opening Asset editor for Blueprint /Game/Player/PlayerBP.PlayerBP
[2018.09.29-18.04.39:334][  2]LogAssetEditorManager: Opening Asset editor for Blueprint /Game/Enemy/EnemyBaseBP.EnemyBaseBP
[2018.09.29-18.04.41:331][  2]LogAssetEditorManager: Opening Asset editor for Blueprint /Game/Enemy/Spawner.Spawner
[2018.09.29-18.04.42:414][  2]LogAssetEditorManager: Opening Asset editor for Blueprint /Game/Weather/Rain/PuddleBP.PuddleBP
[2018.09.29-18.04.43:377][  2]LogSlate: Took 0.000423 seconds to synchronously load lazily loaded font '../../../Engine/Content/Slate/Fonts/Roboto-BoldCondensed.ttf' (158K)
[2018.09.29-18.04.43:926][  3]LogSlate: Took 0.000392 seconds to synchronously load lazily loaded font '../../../Engine/Content/Slate/Fonts/Roboto-Italic.ttf' (157K)
[2018.09.29-18.04.44:422][ 11]LogAssetRegistry: Asset discovery search completed in 24.3365 seconds
[2018.09.29-18.04.44:426][ 11]LogCollectionManager: Rebuilt the object cache for 0 collections in 0.000001 seconds (found 0 objects)
[2018.09.29-18.04.44:427][ 11]LogCollectionManager: Fixed up redirectors for 0 collections in 0.000133 seconds (updated 0 objects)
[2018.09.29-18.07.38:314][528]LogSlate: Window 'PuddleBP' being destroyed
[2018.09.29-18.07.38:329][528]LogSlate: Window 'PuddleBP' being destroyed
[2018.09.29-18.07.39:557][558]LogSlate: FSceneViewport::OnFocusLost() reason 0
[2018.09.29-18.07.39:620][558]LogSlate: Took 0.000814 seconds to synchronously load lazily loaded font '../../../Engine/Content/Slate/Fonts/Roboto-Light.ttf' (167K)
[2018.09.29-18.07.47:059][770]LogJson: Error: Unable to convert key to string for property stringToClass.
[2018.09.29-18.07.47:498][770]LogAIModule: Creating AISystem for world MainMenu
[2018.09.29-18.07.47:694][770]LogAssetEditorManager: Opening Asset editor for World /Game/Maps/MainMenu.MainMenu
[2018.09.29-18.07.47:857][770]Cmd: MAP LOAD FILE="../../../../../../Git/ColiseumChaos/Content/Maps/MainMenu.umap" TEMPLATE=0 SHOWPROGRESS=1 FEATURELEVEL=3
[2018.09.29-18.07.47:857][770]LightingResults: New page: Lighting Build
[2018.09.29-18.07.47:859][770]LoadErrors: New page: Loading map: MainMenu.umap
[2018.09.29-18.07.47:861][770]MapCheck: New page: Map Check
[2018.09.29-18.07.47:861][770]LightingResults: New page: Lighting Build
[2018.09.29-18.07.48:019][770]LogEditorServer: Finished looking for orphan Actors (0.000 secs)
[2018.09.29-18.07.48:275][770]Cmd: MAP CHECKDEP NOCLEARLOG
[2018.09.29-18.07.48:480][770]MapCheck: Map check complete: 0 Error(s), 0 Warning(s), took 203.586ms to complete.
[2018.09.29-18.07.48:485][770]LogFileHelpers: Loading map 'MainMenu' took 0.630
[2018.09.29-18.11.47:296][537]LogTemp: Repeating last play command: New Editor Window (PIE)
[2018.09.29-18.11.47:415][537]LogBlueprintUserMessages: Early PlayInEditor Detection: Level '/Game/Maps/MainMenu.MainMenu:PersistentLevel' has LevelScriptBlueprint '/Game/Maps/MainMenu.MainMenu:PersistentLevel.MainMenu' with GeneratedClass '/Game/Maps/MainMenu.MainMenu_C' with ClassGeneratedBy '/Game/Maps/MainMenu.MainMenu:PersistentLevel.MainMenu'
[2018.09.29-18.11.47:416][537]LogPlayLevel: PlayLevel: No blueprints needed recompiling
[2018.09.29-18.11.47:431][537]PIE: New page: PIE session: MainMenu (Sep 29, 2018, 10:11:47 AM)
[2018.09.29-18.11.47:432][537]LogPlayLevel: Creating play world package: /Game/Maps/UEDPIE_0_MainMenu
[2018.09.29-18.11.47:452][537]LogPlayLevel: PIE: StaticDuplicateObject took: (0.020307s)
[2018.09.29-18.11.47:453][537]LogAIModule: Creating AISystem for world MainMenu
[2018.09.29-18.11.47:454][537]LogPlayLevel: PIE: World Init took: (0.001505s)
[2018.09.29-18.11.47:454][537]LogPlayLevel: PIE: Created PIE world by copying editor world from /Game/Maps/MainMenu.MainMenu to /Game/Maps/UEDPIE_0_MainMenu.MainMenu (0.022288s)
[2018.09.29-18.11.47:694][537]LogInit: XAudio2 using 'Speakers (Realtek High Definition Audio)' : 6 channels at 48 kHz using 32 bits per sample (channel mask 0x3f)
[2018.09.29-18.11.47:870][537]LogInit: FAudioDevice initialized.
[2018.09.29-18.11.47:895][537]LogSlate: Updating window title bar state: overlay mode, drag disabled, window buttons hidden, title bar hidden
[2018.09.29-18.11.48:121][537]LogLoad: Game class is 'CCGamemode_C'
[2018.09.29-18.11.48:153][537]LogWorld: Bringing World /Game/Maps/UEDPIE_0_MainMenu.MainMenu up for play (max tick rate 60) at 2018.09.29-14.11.48
[2018.09.29-18.11.48:233][537]LogWorld: Bringing up level for play took: 0.111197
[2018.09.29-18.11.48:254][537]LogContentBrowser: Native class hierarchy updated for 'MovieSceneCapture' in 0.0006 seconds. Added 10 classes and 0 folders.
[2018.09.29-18.11.48:262][537]LogScript: Warning: Accessed None trying to read property CallFunc_GetAttachParentActor_ReturnValue
	BP_Animation_C /Game/Maps/UEDPIE_0_MainMenu.MainMenu:PersistentLevel.MMCam_2.BP_Animation
	Function /DatasmithContent/Blueprints/FBXImporter/BP_Animation.BP_Animation_C:ExecuteUbergraph_BP_Animation:0098
[2018.09.29-18.11.48:263][537]PIE: Error: Blueprint Runtime Error: "Accessed None trying to read property CallFunc_GetAttachParentActor_ReturnValue". Blueprint:  BP_Animation Function:  Execute Ubergraph BP Animation Graph:  EventGraph Node:  Set InitialLocalTransform
[2018.09.29-18.11.48:265][537]LogSlate: Updating window title bar state: overlay mode, drag disabled, window buttons hidden, title bar hidden
[2018.09.29-18.11.48:274][537]PIE: Play in editor start time for /Game/Maps/UEDPIE_0_MainMenu 0.135
[2018.09.29-18.11.48:275][537]LogBlueprintUserMessages: Late PlayInEditor Detection: Level '/Game/Maps/MainMenu.MainMenu:PersistentLevel' has LevelScriptBlueprint '/Game/Maps/MainMenu.MainMenu:PersistentLevel.MainMenu' with GeneratedClass '/Game/Maps/MainMenu.MainMenu_C' with ClassGeneratedBy '/Game/Maps/MainMenu.MainMenu:PersistentLevel.MainMenu'
[2018.09.29-18.11.48:334][537]LogRenderer: Reallocating scene render targets to support 1024x576 Format 10 NumSamples 1 (Frame:1).
[2018.09.29-18.11.49:578][585]LogRenderer: Reallocating scene render targets to support 1536x800 Format 10 NumSamples 1 (Frame:50).
[2018.09.29-18.11.50:983][639]LogBlueprintUserMessages: [MainMenu_C_0] clicked singeplayer
[2018.09.29-18.11.50:984][639]LogBlueprintUserMessages: [MainMenu_C_13] fading out
[2018.09.29-18.11.52:181][686]LogSlate: Window 'Coliseum Chaos Game Preview Standalone (64-bit/PCD3D_SM5)' being destroyed
[2018.09.29-18.11.52:202][686]LogBlueprintUserMessages: Early EndPlayMap Detection: Level '/Game/Maps/MainMenu.MainMenu:PersistentLevel' has LevelScriptBlueprint '/Game/Maps/MainMenu.MainMenu:PersistentLevel.MainMenu' with GeneratedClass '/Game/Maps/MainMenu.MainMenu_C' with ClassGeneratedBy '/Game/Maps/MainMenu.MainMenu:PersistentLevel.MainMenu'
[2018.09.29-18.11.52:249][686]LogPlayLevel: Display: Shutting down PIE online subsystems
[2018.09.29-18.11.52:250][686]LogBlueprintUserMessages: Late EndPlayMap Detection: Level '/Game/Maps/MainMenu.MainMenu:PersistentLevel' has LevelScriptBlueprint '/Game/Maps/MainMenu.MainMenu:PersistentLevel.MainMenu' with GeneratedClass '/Game/Maps/MainMenu.MainMenu_C' with ClassGeneratedBy '/Game/Maps/MainMenu.MainMenu:PersistentLevel.MainMenu'
[2018.09.29-18.11.52:469][687]LogPlayLevel: Display: Destroying online subsystem :Context_7
[2018.09.29-18.11.53:096][713]LogTemp: Repeating last play command: New Editor Window (PIE)
[2018.09.29-18.11.53:214][713]LogBlueprintUserMessages: Early PlayInEditor Detection: Level '/Game/Maps/MainMenu.MainMenu:PersistentLevel' has LevelScriptBlueprint '/Game/Maps/MainMenu.MainMenu:PersistentLevel.MainMenu' with GeneratedClass '/Game/Maps/MainMenu.MainMenu_C' with ClassGeneratedBy '/Game/Maps/MainMenu.MainMenu:PersistentLevel.MainMenu'
[2018.09.29-18.11.53:214][713]LogPlayLevel: PlayLevel: No blueprints needed recompiling
[2018.09.29-18.11.53:214][713]PIE: New page: PIE session: MainMenu (Sep 29, 2018, 10:11:53 AM)
[2018.09.29-18.11.53:215][713]LogPlayLevel: Creating play world package: /Game/Maps/UEDPIE_0_MainMenu
[2018.09.29-18.11.53:238][713]LogPlayLevel: PIE: StaticDuplicateObject took: (0.022769s)
[2018.09.29-18.11.53:239][713]LogAIModule: Creating AISystem for world MainMenu
[2018.09.29-18.11.53:240][713]LogPlayLevel: PIE: World Init took: (0.001874s)
[2018.09.29-18.11.53:240][713]LogPlayLevel: PIE: Created PIE world by copying editor world from /Game/Maps/MainMenu.MainMenu to /Game/Maps/UEDPIE_0_MainMenu.MainMenu (0.025020s)
[2018.09.29-18.11.53:381][713]LogInit: XAudio2 using 'Speakers (Realtek High Definition Audio)' : 6 channels at 48 kHz using 32 bits per sample (channel mask 0x3f)
[2018.09.29-18.11.53:557][713]LogInit: FAudioDevice initialized.
[2018.09.29-18.11.53:578][713]LogSlate: Updating window title bar state: overlay mode, drag disabled, window buttons hidden, title bar hidden
[2018.09.29-18.11.53:703][713]LogLoad: Game class is 'CCGamemode_C'
[2018.09.29-18.11.53:722][713]LogWorld: Bringing World /Game/Maps/UEDPIE_0_MainMenu.MainMenu up for play (max tick rate 60) at 2018.09.29-14.11.53
[2018.09.29-18.11.53:725][713]LogWorld: Bringing up level for play took: 0.020694
[2018.09.29-18.11.53:748][713]LogScript: Warning: Accessed None trying to read property CallFunc_GetAttachParentActor_ReturnValue
	BP_Animation_C /Game/Maps/UEDPIE_0_MainMenu.MainMenu:PersistentLevel.MMCam_2.BP_Animation
	Function /DatasmithContent/Blueprints/FBXImporter/BP_Animation.BP_Animation_C:ExecuteUbergraph_BP_Animation:0098
[2018.09.29-18.11.53:749][713]PIE: Error: Blueprint Runtime Error: "Accessed None trying to read property CallFunc_GetAttachParentActor_ReturnValue". Blueprint:  BP_Animation Function:  Execute Ubergraph BP Animation Graph:  EventGraph Node:  Set InitialLocalTransform
[2018.09.29-18.11.53:750][713]LogSlate: Updating window title bar state: overlay mode, drag disabled, window buttons hidden, title bar hidden
[2018.09.29-18.11.53:757][713]PIE: Play in editor start time for /Game/Maps/UEDPIE_0_MainMenu -0.382
[2018.09.29-18.11.53:758][713]LogBlueprintUserMessages: Late PlayInEditor Detection: Level '/Game/Maps/MainMenu.MainMenu:PersistentLevel' has LevelScriptBlueprint '/Game/Maps/MainMenu.MainMenu:PersistentLevel.MainMenu' with GeneratedClass '/Game/Maps/MainMenu.MainMenu_C' with ClassGeneratedBy '/Game/Maps/MainMenu.MainMenu:PersistentLevel.MainMenu'
[2018.09.29-18.12.22:636][959]LogSlate: Window 'Coliseum Chaos Game Preview Standalone (64-bit/PCD3D_SM5)' being destroyed
[2018.09.29-18.12.22:653][959]LogBlueprintUserMessages: Early EndPlayMap Detection: Level '/Game/Maps/MainMenu.MainMenu:PersistentLevel' has LevelScriptBlueprint '/Game/Maps/MainMenu.MainMenu:PersistentLevel.MainMenu' with GeneratedClass '/Game/Maps/MainMenu.MainMenu_C' with ClassGeneratedBy '/Game/Maps/MainMenu.MainMenu:PersistentLevel.MainMenu'
[2018.09.29-18.12.22:708][959]LogPlayLevel: Display: Shutting down PIE online subsystems
[2018.09.29-18.12.22:709][959]LogBlueprintUserMessages: Late EndPlayMap Detection: Level '/Game/Maps/MainMenu.MainMenu:PersistentLevel' has LevelScriptBlueprint '/Game/Maps/MainMenu.MainMenu:PersistentLevel.MainMenu' with GeneratedClass '/Game/Maps/MainMenu.MainMenu_C' with ClassGeneratedBy '/Game/Maps/MainMenu.MainMenu:PersistentLevel.MainMenu'
[2018.09.29-18.12.22:930][960]LogPlayLevel: Display: Destroying online subsystem :Context_8
[2018.09.29-18.12.25:931][ 20]LogAIModule: Creating AISystem for world Sand_LvL
[2018.09.29-18.12.25:979][ 20]LogAssetEditorManager: Opening Asset editor for World /Game/Maps/Sand_LvL.Sand_LvL
[2018.09.29-18.12.26:063][ 20]Cmd: MAP LOAD FILE="../../../../../../Git/ColiseumChaos/Content/Maps/Sand_LvL.umap" TEMPLATE=0 SHOWPROGRESS=1 FEATURELEVEL=3
[2018.09.29-18.12.26:063][ 20]LightingResults: New page: Lighting Build
[2018.09.29-18.12.26:065][ 20]LoadErrors: New page: Loading map: Sand_LvL.umap
[2018.09.29-18.12.26:066][ 20]MapCheck: New page: Map Check
[2018.09.29-18.12.26:067][ 20]LightingResults: New page: Lighting Build
[2018.09.29-18.12.26:198][ 20]LogEditorServer: Finished looking for orphan Actors (0.000 secs)
[2018.09.29-18.12.26:456][ 20]Cmd: MAP CHECKDEP NOCLEARLOG
[2018.09.29-18.12.26:718][ 20]MapCheck: Map check complete: 0 Error(s), 0 Warning(s), took 262.162ms to complete.
[2018.09.29-18.12.26:721][ 20]LogFileHelpers: Loading map 'Sand_LvL' took 0.659
[2018.09.29-18.15.05:502][791]LogEditorViewport: Clicking on Actor (LMB): PaperFlipbookActor (Crowd5)
[2018.09.29-18.15.06:206][813]LogEditorViewport: Clicking on Actor (LMB): PaperTileMapActor (Forest_C)
[2018.09.29-18.15.09:577][943]LogSlate: FSceneViewport::OnFocusLost() reason 0
[2018.09.29-18.15.09:668][947]LogTemp: Repeating last play command: New Editor Window (PIE)
[2018.09.29-18.15.09:804][947]LogBlueprintUserMessages: Early PlayInEditor Detection: Level '/Game/Maps/Sand_LvL.Sand_LvL:PersistentLevel' has LevelScriptBlueprint '/Game/Maps/Sand_LvL.Sand_LvL:PersistentLevel.Sand_LvL' with GeneratedClass '/Game/Maps/Sand_LvL.Sand_LvL_C' with ClassGeneratedBy '/Game/Maps/Sand_LvL.Sand_LvL:PersistentLevel.Sand_LvL'
[2018.09.29-18.15.09:804][947]LogPlayLevel: PlayLevel: No blueprints needed recompiling
[2018.09.29-18.15.09:805][947]PIE: New page: PIE session: Sand_LvL (Sep 29, 2018, 10:15:09 AM)
[2018.09.29-18.15.09:805][947]LogPlayLevel: Creating play world package: /Game/Maps/UEDPIE_0_Sand_LvL
[2018.09.29-18.15.09:833][947]LogPlayLevel: PIE: StaticDuplicateObject took: (0.027872s)
[2018.09.29-18.15.09:835][947]LogAIModule: Creating AISystem for world Sand_LvL
[2018.09.29-18.15.09:835][947]LogPlayLevel: PIE: World Init took: (0.001577s)
[2018.09.29-18.15.09:835][947]LogPlayLevel: PIE: Created PIE world by copying editor world from /Game/Maps/Sand_LvL.Sand_LvL to /Game/Maps/UEDPIE_0_Sand_LvL.Sand_LvL (0.029758s)
[2018.09.29-18.15.09:991][947]LogInit: XAudio2 using 'Speakers (Realtek High Definition Audio)' : 6 channels at 48 kHz using 32 bits per sample (channel mask 0x3f)
[2018.09.29-18.15.10:177][947]LogInit: FAudioDevice initialized.
[2018.09.29-18.15.10:201][947]LogSlate: Updating window title bar state: overlay mode, drag disabled, window buttons hidden, title bar hidden
[2018.09.29-18.15.10:326][947]LogLoad: Game class is 'CCGamemode_C'
[2018.09.29-18.15.10:353][947]LogWorld: Bringing World /Game/Maps/UEDPIE_0_Sand_LvL.Sand_LvL up for play (max tick rate 60) at 2018.09.29-14.15.10
[2018.09.29-18.15.10:454][947]LogWorld: Bringing up level for play took: 0.120930
[2018.09.29-18.15.10:489][947]PIE: Play in editor start time for /Game/Maps/UEDPIE_0_Sand_LvL 0.349
[2018.09.29-18.15.10:489][947]LogBlueprintUserMessages: Late PlayInEditor Detection: Level '/Game/Maps/Sand_LvL.Sand_LvL:PersistentLevel' has LevelScriptBlueprint '/Game/Maps/Sand_LvL.Sand_LvL:PersistentLevel.Sand_LvL' with GeneratedClass '/Game/Maps/Sand_LvL.Sand_LvL_C' with ClassGeneratedBy '/Game/Maps/Sand_LvL.Sand_LvL:PersistentLevel.Sand_LvL'
[2018.09.29-18.15.11:123][961]LogEditorViewport: Clicking on Actor (LMB): PaperTileMapActor (Forest_C)
[2018.09.29-18.15.11:684][964]LogSlate: FSceneViewport::OnFocusLost() reason 2
[2018.09.29-18.15.12:001][968]LogBlueprintUserMessages: [PlayerBP_C_0] Cast failed
[2018.09.29-18.15.12:001][968]LogBlueprintUserMessages: [PlayerBP_C_0] Cast failed
[2018.09.29-18.15.15:325][ 81]LogBlueprintUserMessages: Early EndPlayMap Detection: Level '/Game/Maps/Sand_LvL.Sand_LvL:PersistentLevel' has LevelScriptBlueprint '/Game/Maps/Sand_LvL.Sand_LvL:PersistentLevel.Sand_LvL' with GeneratedClass '/Game/Maps/Sand_LvL.Sand_LvL_C' with ClassGeneratedBy '/Game/Maps/Sand_LvL.Sand_LvL:PersistentLevel.Sand_LvL'
[2018.09.29-18.15.15:330][ 81]LogSlate: Updating window title bar state: overlay mode, drag disabled, window buttons hidden, title bar hidden
[2018.09.29-18.15.15:432][ 81]LogSlate: Window 'Coliseum Chaos Game Preview Standalone (64-bit/PCD3D_SM5)' being destroyed
[2018.09.29-18.15.15:499][ 81]LogPlayLevel: Display: Shutting down PIE online subsystems
[2018.09.29-18.15.15:500][ 81]LogBlueprintUserMessages: Late EndPlayMap Detection: Level '/Game/Maps/Sand_LvL.Sand_LvL:PersistentLevel' has LevelScriptBlueprint '/Game/Maps/Sand_LvL.Sand_LvL:PersistentLevel.Sand_LvL' with GeneratedClass '/Game/Maps/Sand_LvL.Sand_LvL_C' with ClassGeneratedBy '/Game/Maps/Sand_LvL.Sand_LvL:PersistentLevel.Sand_LvL'
[2018.09.29-18.15.15:668][ 82]LogPlayLevel: Display: Destroying online subsystem :Context_10
[2018.09.29-18.15.27:760][447]LogEditorViewport: Clicking on Actor (context menu): LevelSequenceActor (FadeIn)
[2018.09.29-18.15.27:926][447]LogSlate: FSceneViewport::OnFocusLost() reason 2
[2018.09.29-18.15.27:970][447]LogEditorViewport: Clicking on Actor (context menu): PaperTileMapActor (Forest_C)
[2018.09.29-18.15.28:343][447]LogSlate: FSceneViewport::OnFocusLost() reason 2
[2018.09.29-18.22.30:283][945]Cmd: OBJ SAVEPACKAGE PACKAGE="/Game/Maps/Sand_LvL" FILE="../../../../../../Git/ColiseumChaos/Saved/Autosaves/Game/Maps/Sand_LvL_Auto1.umap" SILENT=true AUTOSAVING=true KEEPDIRTY=false
[2018.09.29-18.22.31:747][945]LogSavePackage: Moving '../../../../../../Git/ColiseumChaos/Saved/Sand_LvL_Auto100F00F63458B41F40E391F8527999AD2.tmp' to '../../../../../../Git/ColiseumChaos/Saved/Autosaves/Game/Maps/Sand_LvL_Auto1.umap'
[2018.09.29-18.22.31:764][945]LogFileHelpers: Editor autosave (incl. sublevels) for '/Game/Maps/Sand_LvL' took 1.589
[2018.09.29-18.22.31:764][945]LogFileHelpers: Editor autosave (incl. sublevels) for all levels took 1.589
[2018.09.29-18.23.25:234][566]LogSlate: FSceneViewport::OnFocusLost() reason 2
[2018.09.29-18.23.27:360][566]LogSlate: Window 'Save Content' being destroyed
[2018.09.29-18.23.27:795][566]LogActorComponent: UnregisterComponent: (/Engine/Transient.EditorFloorComp) Not registered. Aborting.
[2018.09.29-18.23.27:878][566]LogActorComponent: UnregisterComponent: (/Engine/Transient.EditorFloorComp) Not registered. Aborting.
[2018.09.29-18.23.27:962][566]LogActorComponent: UnregisterComponent: (/Engine/Transient.EditorFloorComp) Not registered. Aborting.
[2018.09.29-18.23.28:046][566]LogSlate: Window 'ColiseumChaos - Unreal Editor' being destroyed
[2018.09.29-18.23.28:307][567]Cmd: QUIT_EDITOR
[2018.09.29-18.23.29:251][567]LogWindowsTextInputMethodSystem: Display: IME system now deactivated.
[2018.09.29-18.23.29:304][567]LogExit: Preparing to exit.
[2018.09.29-18.23.29:879][567]LogExit: Editor shut down
[2018.09.29-18.23.29:879][567]LogExit: Transaction tracking system shut down
[2018.09.29-18.23.30:322][567]LogExit: Object subsystem successfully closed.
[2018.09.29-18.23.30:362][567]LogShaderCompilers: Display: Shaders left to compile 0
[2018.09.29-18.23.30:368][567]LogD3D11RHI: Shutdown
[2018.09.29-18.23.30:368][567]LogD3D11RHI: CleanupD3DDevice
[2018.09.29-18.23.30:373][567]LogD3D11RHI: ~FD3D11DynamicRHI
[2018.09.29-18.23.30:395][567]LogModuleManager: Shutting down and abandoning module MovieSceneCapture (626)
[2018.09.29-18.23.30:395][567]LogModuleManager: Shutting down and abandoning module Voice (624)
[2018.09.29-18.23.30:395][567]LogModuleManager: Shutting down and abandoning module SequencerWidgets (622)
[2018.09.29-18.23.30:395][567]LogModuleManager: Shutting down and abandoning module BlueprintGraph (620)
[2018.09.29-18.23.30:395][567]LogModuleManager: Shutting down and abandoning module HierarchicalLODOutliner (618)
[2018.09.29-18.23.30:395][567]LogModuleManager: Shutting down and abandoning module SceneOutliner (616)
[2018.09.29-18.23.30:395][567]LogModuleManager: Shutting down and abandoning module AddContentDialog (614)
[2018.09.29-18.23.30:396][567]LogModuleManager: Shutting down and abandoning module WidgetCarousel (613)
[2018.09.29-18.23.30:396][567]LogModuleManager: Shutting down and abandoning module EditorWidgets (610)
[2018.09.29-18.23.30:396][567]LogModuleManager: Shutting down and abandoning module CollectionManager (608)
[2018.09.29-18.23.30:396][567]LogModuleManager: Shutting down and abandoning module StatsViewer (606)
[2018.09.29-18.23.30:396][567]LogModuleManager: Shutting down and abandoning module FoliageEdit (604)
[2018.09.29-18.23.30:396][567]LogModuleManager: Shutting down and abandoning module LandscapeEditor (602)
[2018.09.29-18.23.30:397][567]LogModuleManager: Shutting down and abandoning module MeshPaintMode (600)
[2018.09.29-18.23.30:397][567]LogModuleManager: Shutting down and abandoning module SceneDepthPickerMode (598)
[2018.09.29-18.23.30:397][567]LogModuleManager: Shutting down and abandoning module ActorPickerMode (596)
[2018.09.29-18.23.30:397][567]LogModuleManager: Shutting down and abandoning module GeometryMode (594)
[2018.09.29-18.23.30:397][567]LogModuleManager: Shutting down and abandoning module TextureAlignMode (592)
[2018.09.29-18.23.30:397][567]LogModuleManager: Shutting down and abandoning module BspMode (590)
[2018.09.29-18.23.30:397][567]LogModuleManager: Shutting down and abandoning module PIEPreviewDeviceProfileSelector (588)
[2018.09.29-18.23.30:397][567]LogModuleManager: Shutting down and abandoning module SequenceRecorderSections (586)
[2018.09.29-18.23.30:397][567]LogModuleManager: Shutting down and abandoning module AutomationWorker (584)
[2018.09.29-18.23.30:397][567]LogModuleManager: Shutting down and abandoning module SteamAudioEditor (582)
[2018.09.29-18.23.30:397][567]LogModuleManager: Shutting down and abandoning module AudioCaptureEditor (580)
[2018.09.29-18.23.30:397][567]LogModuleManager: Shutting down and abandoning module SequenceRecorder (579)
[2018.09.29-18.23.30:397][567]LogModuleManager: Shutting down and abandoning module MatineeToLevelSequence (576)
[2018.09.29-18.23.30:397][567]LogModuleManager: Shutting down and abandoning module LevelSequenceEditor (574)
[2018.09.29-18.23.30:398][567]LogModuleManager: Shutting down and abandoning module PlacementMode (573)
[2018.09.29-18.23.30:398][567]LogModuleManager: Shutting down and abandoning module MaterialEditor (572)
[2018.09.29-18.23.30:398][567]LogModuleManager: Shutting down and abandoning module WmfMediaFactory (568)
[2018.09.29-18.23.30:398][567]LogModuleManager: Shutting down and abandoning module WmfMediaEditor (566)
[2018.09.29-18.23.30:398][567]LogModuleManager: Shutting down and abandoning module MediaPlayerEditor (564)
[2018.09.29-18.23.30:398][567]LogModuleManager: Shutting down and abandoning module OpenExrWrapper (562)
[2018.09.29-18.23.30:398][567]LogModuleManager: Shutting down and abandoning module ImgMediaFactory (560)
[2018.09.29-18.23.30:398][567]LogModuleManager: Shutting down and abandoning module ImgMediaEditor (558)
[2018.09.29-18.23.30:398][567]LogModuleManager: Shutting down and abandoning module AvfMediaFactory (556)
[2018.09.29-18.23.30:398][567]LogModuleManager: Shutting down and abandoning module AvfMediaEditor (554)
[2018.09.29-18.23.30:398][567]LogModuleManager: Shutting down and abandoning module AndroidMediaFactory (552)
[2018.09.29-18.23.30:398][567]LogModuleManager: Shutting down and abandoning module AndroidMediaEditor (550)
[2018.09.29-18.23.30:398][567]LogModuleManager: Shutting down and abandoning module MagicLeapCameraPreviewFactory (548)
[2018.09.29-18.23.30:398][567]LogModuleManager: Shutting down and abandoning module MagicLeapMediaFactory (546)
[2018.09.29-18.23.30:398][567]LogModuleManager: Shutting down and abandoning module MagicLeapMediaEditor (544)
[2018.09.29-18.23.30:398][567]LogModuleManager: Shutting down and abandoning module CharacterAI (542)
[2018.09.29-18.23.30:398][567]LogModuleManager: Shutting down and abandoning module SmartSnapping (540)
[2018.09.29-18.23.30:398][567]LogModuleManager: Shutting down and abandoning module SessionServices (538)
[2018.09.29-18.23.30:399][567]LogModuleManager: Shutting down and abandoning module ViewportSnapping (536)
[2018.09.29-18.23.30:399][567]LogModuleManager: Shutting down and abandoning module ViewportInteraction (534)
[2018.09.29-18.23.30:399][567]LogModuleManager: Shutting down and abandoning module ClothPainter (532)
[2018.09.29-18.23.30:399][567]LogModuleManager: Shutting down and abandoning module SkeletalMeshEditor (531)
[2018.09.29-18.23.30:399][567]LogModuleManager: Shutting down and abandoning module LogVisualizer (528)
[2018.09.29-18.23.30:399][567]LogModuleManager: Shutting down and abandoning module IntroTutorials (526)
[2018.09.29-18.23.30:399][567]LogModuleManager: Shutting down and abandoning module GameProjectGeneration (525)
[2018.09.29-18.23.30:399][567]LogModuleManager: Shutting down and abandoning module LuminPlatformEditor (522)
[2018.09.29-18.23.30:400][567]LogModuleManager: Shutting down and abandoning module IOSPlatformEditor (520)
[2018.09.29-18.23.30:400][567]LogModuleManager: Shutting down and abandoning module HTML5PlatformEditor (518)
[2018.09.29-18.23.30:400][567]LogModuleManager: Shutting down and abandoning module AndroidPlatformEditor (516)
[2018.09.29-18.23.30:400][567]LogModuleManager: Shutting down and abandoning module AndroidDeviceDetection (515)
[2018.09.29-18.23.30:996][567]LogModuleManager: Shutting down and abandoning module WindowsPlatformEditor (512)
[2018.09.29-18.23.30:996][567]LogModuleManager: Shutting down and abandoning module LuminRuntimeSettings (510)
[2018.09.29-18.23.30:996][567]LogModuleManager: Shutting down and abandoning module IOSRuntimeSettings (508)
[2018.09.29-18.23.30:996][567]LogModuleManager: Shutting down and abandoning module AndroidRuntimeSettings (506)
[2018.09.29-18.23.30:996][567]LogModuleManager: Shutting down and abandoning module InputBindingEditor (504)
[2018.09.29-18.23.30:996][567]LogModuleManager: Shutting down and abandoning module MergeActors (502)
[2018.09.29-18.23.30:996][567]LogModuleManager: Shutting down and abandoning module LocalizationDashboard (500)
[2018.09.29-18.23.30:996][567]LogModuleManager: Shutting down and abandoning module LocalizationService (499)
[2018.09.29-18.23.30:996][567]LogModuleManager: Shutting down and abandoning module HardwareTargeting (496)
[2018.09.29-18.23.30:996][567]LogModuleManager: Shutting down and abandoning module DeviceProfileEditor (494)
[2018.09.29-18.23.30:996][567]LogModuleManager: Shutting down and abandoning module UndoHistory (492)
[2018.09.29-18.23.30:996][567]LogModuleManager: Shutting down and abandoning module XmlParser (490)
[2018.09.29-18.23.30:996][567]LogModuleManager: Shutting down and abandoning module Blutility (488)
[2018.09.29-18.23.30:996][567]LogModuleManager: Shutting down and abandoning module ProjectSettingsViewer (486)
[2018.09.29-18.23.30:996][567]LogModuleManager: Shutting down and abandoning module ProjectTargetPlatformEditor (485)
[2018.09.29-18.23.30:997][567]LogModuleManager: Shutting down and abandoning module EditorSettingsViewer (482)
[2018.09.29-18.23.30:997][567]LogModuleManager: Shutting down and abandoning module SettingsEditor (480)
[2018.09.29-18.23.30:997][567]LogModuleManager: Shutting down and abandoning module ProjectLauncher (478)
[2018.09.29-18.23.30:997][567]LogModuleManager: Shutting down and abandoning module SessionFrontend (476)
[2018.09.29-18.23.30:997][567]LogModuleManager: Shutting down and abandoning module ProfilerClient (474)
[2018.09.29-18.23.30:997][567]LogModuleManager: Shutting down and abandoning module DeviceManager (472)
[2018.09.29-18.23.30:997][567]LogModuleManager: Shutting down and abandoning module TargetDeviceServices (471)
[2018.09.29-18.23.31:052][567]LogModuleManager: Shutting down and abandoning module AutomationController (468)
[2018.09.29-18.23.31:052][567]LogModuleManager: Shutting down and abandoning module AutomationWindow (466)
[2018.09.29-18.23.31:052][567]LogModuleManager: Shutting down and abandoning module Layers (464)
[2018.09.29-18.23.31:052][567]LogModuleManager: Shutting down and abandoning module ComponentVisualizers (462)
[2018.09.29-18.23.31:052][567]LogModuleManager: Shutting down and abandoning module DetailCustomizations (460)
[2018.09.29-18.23.31:052][567]LogModuleManager: Shutting down and abandoning module PackagesDialog (458)
[2018.09.29-18.23.31:052][567]LogModuleManager: Shutting down and abandoning module Persona (456)
[2018.09.29-18.23.31:053][567]LogModuleManager: Shutting down and abandoning module AdvancedPreviewScene (455)
[2018.09.29-18.23.31:053][567]LogModuleManager: Shutting down and abandoning module AnimGraph (453)
[2018.09.29-18.23.31:053][567]LogModuleManager: Shutting down and abandoning module Kismet (450)
[2018.09.29-18.23.31:062][567]LogModuleManager: Shutting down and abandoning module GraphEditor (448)
[2018.09.29-18.23.31:062][567]LogModuleManager: Shutting down and abandoning module ClassViewer (446)
[2018.09.29-18.23.31:062][567]LogModuleManager: Shutting down and abandoning module Toolbox (444)
[2018.09.29-18.23.31:062][567]LogModuleManager: Shutting down and abandoning module ModuleUI (442)
[2018.09.29-18.23.31:062][567]LogModuleManager: Shutting down and abandoning module MovieSceneTools (440)
[2018.09.29-18.23.31:062][567]LogModuleManager: Shutting down and abandoning module OutputLog (438)
[2018.09.29-18.23.31:062][567]LogModuleManager: Shutting down and abandoning module GammaUI (436)
[2018.09.29-18.23.31:062][567]LogModuleManager: Shutting down and abandoning module Documentation (434)
[2018.09.29-18.23.31:062][567]LogModuleManager: Shutting down and abandoning module MovieSceneTracks (432)
[2018.09.29-18.23.31:062][567]LogModuleManager: Shutting down and abandoning module MovieScene (430)
[2018.09.29-18.23.31:062][567]LogModuleManager: Shutting down and abandoning module StreamingPauseRendering (428)
[2018.09.29-18.23.31:062][567]LogModuleManager: Shutting down and abandoning module LauncherPlatform (426)
[2018.09.29-18.23.31:062][567]LogModuleManager: Shutting down and abandoning module AnalyticsET (424)
[2018.09.29-18.23.31:062][567]LogModuleManager: Shutting down and abandoning module PortalServices (422)
[2018.09.29-18.23.31:062][567]LogModuleManager: Shutting down and abandoning module PortalRpc (420)
[2018.09.29-18.23.31:062][567]LogModuleManager: Shutting down and abandoning module MessagingRpc (418)
[2018.09.29-18.23.31:062][567]LogModuleManager: Shutting down and abandoning module AIModule (416)
[2018.09.29-18.23.31:063][567]LogModuleManager: Shutting down and abandoning module GameplayDebugger (415)
[2018.09.29-18.23.31:063][567]LogModuleManager: Shutting down and abandoning module AITestSuite (413)
[2018.09.29-18.23.31:063][567]LogModuleManager: Shutting down and abandoning module NavigationSystem (411)
[2018.09.29-18.23.31:063][567]LogModuleManager: Shutting down and abandoning module DesktopPlatform (408)
[2018.09.29-18.23.31:063][567]LogModuleManager: Shutting down and abandoning module ProfilerService (406)
[2018.09.29-18.23.31:085][567]LogModuleManager: Shutting down and abandoning module TaskGraph (404)
[2018.09.29-18.23.31:085][567]LogModuleManager: Shutting down and abandoning module SteamVRController (402)
[2018.09.29-18.23.31:085][567]LogModuleManager: Shutting down and abandoning module SteamController (400)
[2018.09.29-18.23.31:085][567]LogModuleManager: Shutting down and abandoning module ProceduralMeshComponentEditor (398)
[2018.09.29-18.23.31:085][567]LogModuleManager: Shutting down and abandoning module ProceduralMeshComponent (396)
[2018.09.29-18.23.31:085][567]LogModuleManager: Shutting down and abandoning module OculusInput (394)
[2018.09.29-18.23.31:085][567]LogModuleManager: Shutting down and abandoning module MobilePatchingUtils (392)
[2018.09.29-18.23.31:085][567]LogModuleManager: Shutting down and abandoning module EditableMesh (390)
[2018.09.29-18.23.31:085][567]LogModuleManager: Shutting down and abandoning module CustomMeshComponent (388)
[2018.09.29-18.23.31:085][567]LogModuleManager: Shutting down and abandoning module CableComponent (386)
[2018.09.29-18.23.31:085][567]LogModuleManager: Shutting down and abandoning module AudioCapture (384)
[2018.09.29-18.23.31:085][567]LogModuleManager: Shutting down and abandoning module ArchVisCharacter (382)
[2018.09.29-18.23.31:085][567]LogModuleManager: Shutting down and abandoning module AndroidPermission (380)
[2018.09.29-18.23.31:085][567]LogModuleManager: Shutting down and abandoning module NUTUnrealEngine4 (376)
[2018.09.29-18.23.31:085][567]LogModuleManager: Shutting down and abandoning module NetcodeUnitTest (374)
[2018.09.29-18.23.31:085][567]LogModuleManager: Shutting down and abandoning module MediaCompositingEditor (372)
[2018.09.29-18.23.31:086][567]LogModuleManager: Shutting down and abandoning module MediaCompositing (370)
[2018.09.29-18.23.31:086][567]LogModuleManager: Shutting down and abandoning module LinearTimecode (368)
[2018.09.29-18.23.31:086][567]LogModuleManager: Shutting down and abandoning module ImgMedia (366)
[2018.09.29-18.23.31:093][567]LogModuleManager: Shutting down and abandoning module HTML5Networking (364)
[2018.09.29-18.23.31:093][567]LogModuleManager: Shutting down and abandoning module GeometryCacheTracks (362)
[2018.09.29-18.23.31:093][567]LogModuleManager: Shutting down and abandoning module GeometryCacheSequencer (360)
[2018.09.29-18.23.31:094][567]LogModuleManager: Shutting down and abandoning module BackChannel (358)
[2018.09.29-18.23.31:094][567]LogModuleManager: Shutting down and abandoning module AppleVision (356)
[2018.09.29-18.23.31:094][567]LogModuleManager: Shutting down and abandoning module AppleImageUtils (354)
[2018.09.29-18.23.31:094][567]LogModuleManager: Shutting down and abandoning module AlembicImporter (352)
[2018.09.29-18.23.31:094][567]LogModuleManager: Shutting down and abandoning module AlembicLibrary (351)
[2018.09.29-18.23.31:094][567]LogModuleManager: Shutting down and abandoning module GeometryCache (350)
[2018.09.29-18.23.31:094][567]LogModuleManager: Shutting down and abandoning module GeometryCacheEd (349)
[2018.09.29-18.23.31:094][567]LogModuleManager: Shutting down and abandoning module DatasmithContentEditor (344)
[2018.09.29-18.23.31:094][567]LogModuleManager: Shutting down and abandoning module DatasmithContent (342)
[2018.09.29-18.23.31:094][567]LogModuleManager: Shutting down and abandoning module SpeedTreeImporter (340)
[2018.09.29-18.23.31:094][567]LogModuleManager: Shutting down and abandoning module PluginBrowser (338)
[2018.09.29-18.23.31:095][567]LogModuleManager: Shutting down and abandoning module MobileLauncherProfileWizard (336)
[2018.09.29-18.23.31:095][567]LogModuleManager: Shutting down and abandoning module PolygonModeling (334)
[2018.09.29-18.23.31:095][567]LogModuleManager: Shutting down and abandoning module MeshEditor (332)
[2018.09.29-18.23.31:095][567]LogModuleManager: Shutting down and abandoning module CryptoKeysOpenSSL (330)
[2018.09.29-18.23.31:095][567]LogModuleManager: Shutting down and abandoning module CryptoKeys (328)
[2018.09.29-18.23.31:095][567]LogModuleManager: Shutting down and abandoning module VisualStudioSourceCodeAccess (326)
[2018.09.29-18.23.31:095][567]LogModuleManager: Shutting down and abandoning module VisualStudioCodeSourceCodeAccess (324)
[2018.09.29-18.23.31:095][567]LogModuleManager: Shutting down and abandoning module UObjectPlugin (322)
[2018.09.29-18.23.31:095][567]LogModuleManager: Shutting down and abandoning module SubversionSourceControl (320)
[2018.09.29-18.23.31:095][567]LogModuleManager: Shutting down and abandoning module PerforceSourceControl (318)
[2018.09.29-18.23.31:095][567]LogModuleManager: Shutting down and abandoning module GitSourceControl (316)
[2018.09.29-18.23.31:095][567]LogModuleManager: Shutting down and abandoning module SourceControl (315)
[2018.09.29-18.23.31:095][567]LogModuleManager: Shutting down and abandoning module CLionSourceCodeAccess (312)
[2018.09.29-18.23.31:095][567]LogModuleManager: Shutting down and abandoning module LightPropagationVolumeEditor (310)
[2018.09.29-18.23.31:095][567]LogModuleManager: Shutting down and abandoning module PaperTiledImporter (308)
[2018.09.29-18.23.31:095][567]LogModuleManager: Shutting down and abandoning module PaperSpriteSheetImporter (306)
[2018.09.29-18.23.31:095][567]LogModuleManager: Shutting down and abandoning module Paper2DEditor (304)
[2018.09.29-18.23.31:096][567]LogModuleManager: Shutting down and abandoning module MeshPaint (303)
[2018.09.29-18.23.31:096][567]LogModuleManager: Shutting down and abandoning module SteamAudio (300)
[2018.09.29-18.23.31:096][567]LogSteamAudio: FSteamAudioModule Shutdown
[2018.09.29-18.23.31:097][567]LogModuleManager: Shutting down and abandoning module RuntimePhysXCooking (298)
[2018.09.29-18.23.31:097][567]LogModuleManager: Shutting down and abandoning module PhysXVehiclesEditor (296)
[2018.09.29-18.23.31:097][567]LogModuleManager: Shutting down and abandoning module PhysXVehicles (294)
[2018.09.29-18.23.31:097][567]LogModuleManager: Shutting down and abandoning module OculusEditor (292)
[2018.09.29-18.23.31:097][567]LogModuleManager: Shutting down and abandoning module LocationServicesBPLibrary (290)
[2018.09.29-18.23.31:097][567]LogModuleManager: Shutting down and abandoning module ImmediatePhysicsEditor (288)
[2018.09.29-18.23.31:097][567]LogModuleManager: Shutting down and abandoning module ImmediatePhysics (286)
[2018.09.29-18.23.31:098][567]LogModuleManager: Shutting down and abandoning module ActorSequence (284)
[2018.09.29-18.23.31:098][567]LogModuleManager: Shutting down and abandoning module UdpMessaging (282)
[2018.09.29-18.23.31:199][567]LogModuleManager: Shutting down and abandoning module TcpMessaging (280)
[2018.09.29-18.23.31:299][567]LogModuleManager: Shutting down and abandoning module MagicLeapAudio (278)
[2018.09.29-18.23.31:299][567]LogModuleManager: Shutting down and abandoning module GameplayTagsEditor (276)
[2018.09.29-18.23.31:299][567]LogModuleManager: Shutting down and abandoning module FacialAnimationEditor (274)
[2018.09.29-18.23.31:299][567]LogModuleManager: Shutting down and abandoning module FacialAnimation (272)
[2018.09.29-18.23.31:299][567]LogModuleManager: Shutting down and abandoning module DataValidation (270)
[2018.09.29-18.23.31:299][567]LogModuleManager: Shutting down and abandoning module AssetManagerEditor (268)
[2018.09.29-18.23.31:299][567]LogModuleManager: Shutting down and abandoning module LevelEditor (267)
[2018.09.29-18.23.31:301][567]LogModuleManager: Shutting down and abandoning module PixelInspectorModule (266)
[2018.09.29-18.23.31:301][567]LogModuleManager: Shutting down and abandoning module CommonMenuExtensions (264)
[2018.09.29-18.23.31:301][567]LogModuleManager: Shutting down and abandoning module MainFrame (262)
[2018.09.29-18.23.31:302][567]LogModuleManager: Shutting down and abandoning module HotReload (261)
[2018.09.29-18.23.31:302][567]LogModuleManager: Shutting down and abandoning module ContentBrowser (257)
[2018.09.29-18.23.31:305][567]LogModuleManager: Shutting down and abandoning module TreeMap (255)
[2018.09.29-18.23.31:305][567]LogModuleManager: Shutting down and abandoning module LightPropagationVolumeRuntime (252)
[2018.09.29-18.23.31:305][567]LogModuleManager: Shutting down and abandoning module AISupportModule (250)
[2018.09.29-18.23.31:305][567]LogModuleManager: Shutting down and abandoning module Paper2D (248)
[2018.09.29-18.23.31:305][567]LogModuleManager: Shutting down and abandoning module WindowsMoviePlayer (246)
[2018.09.29-18.23.31:305][567]LogModuleManager: Shutting down and abandoning module WmfMedia (244)
[2018.09.29-18.23.31:309][567]LogModuleManager: Shutting down and abandoning module Media (243)
[2018.09.29-18.23.31:318][567]LogModuleManager: Shutting down and abandoning module PacketHandler (240)
[2018.09.29-18.23.31:318][567]LogModuleManager: Shutting down and abandoning module ClothingSystemEditor (238)
[2018.09.29-18.23.31:318][567]LogModuleManager: Shutting down and abandoning module ClothingSystemRuntime (236)
[2018.09.29-18.23.31:318][567]LogModuleManager: Shutting down and abandoning module MediaAssets (234)
[2018.09.29-18.23.31:318][567]LogModuleManager: Shutting down and abandoning module Overlay (232)
[2018.09.29-18.23.31:318][567]LogModuleManager: Shutting down and abandoning module OverlayEditor (231)
[2018.09.29-18.23.31:318][567]LogModuleManager: Shutting down and abandoning module VREditor (228)
[2018.09.29-18.23.31:318][567]LogModuleManager: Shutting down and abandoning module StringTableEditor (226)
[2018.09.29-18.23.31:318][567]LogModuleManager: Shutting down and abandoning module GameplayTasksEditor (224)
[2018.09.29-18.23.31:318][567]LogModuleManager: Shutting down and abandoning module BehaviorTreeEditor (222)
[2018.09.29-18.23.31:318][567]LogModuleManager: Shutting down and abandoning module FunctionalTesting (220)
[2018.09.29-18.23.31:318][567]LogModuleManager: Shutting down and abandoning module CollisionAnalyzer (218)
[2018.09.29-18.23.31:319][567]LogModuleManager: Shutting down and abandoning module WorkspaceMenuStructure (217)
[2018.09.29-18.23.31:319][567]LogModuleManager: Shutting down and abandoning module UMG (214)
[2018.09.29-18.23.31:319][567]LogModuleManager: Shutting down and abandoning module UMGEditor (213)
[2018.09.29-18.23.31:319][567]LogModuleManager: Shutting down and abandoning module Sequencer (212)
[2018.09.29-18.23.31:319][567]LogModuleManager: Shutting down and abandoning module MessageLog (209)
[2018.09.29-18.23.31:319][567]LogModuleManager: Shutting down and abandoning module SlateReflector (204)
[2018.09.29-18.23.31:319][567]LogModuleManager: Shutting down and abandoning module Slate (202)
[2018.09.29-18.23.31:319][567]LogModuleManager: Shutting down and abandoning module EditorStyle (200)
[2018.09.29-18.23.31:324][567]LogModuleManager: Shutting down and abandoning module MRMesh (198)
[2018.09.29-18.23.31:324][567]LogModuleManager: Shutting down and abandoning module SourceCodeAccess (196)
[2018.09.29-18.23.31:324][567]LogModuleManager: Shutting down and abandoning module HeadMountedDisplay (194)
[2018.09.29-18.23.31:325][567]LogModuleManager: Shutting down and abandoning module XAudio2 (192)
[2018.09.29-18.23.31:325][567]LogModuleManager: Shutting down and abandoning module Networking (190)
[2018.09.29-18.23.31:325][567]LogModuleManager: Shutting down and abandoning module Core (188)
[2018.09.29-18.23.31:325][567]LogModuleManager: Shutting down and abandoning module LevelSequence (186)
[2018.09.29-18.23.31:325][567]LogModuleManager: Shutting down and abandoning module KismetCompiler (184)
[2018.09.29-18.23.31:325][567]LogModuleManager: Shutting down and abandoning module MeshUtilities (182)
[2018.09.29-18.23.31:325][567]LogModuleManager: Shutting down and abandoning module MeshMergeUtilities (181)
[2018.09.29-18.23.31:325][567]LogModuleManager: Shutting down and abandoning module MeshReductionInterface (180)
[2018.09.29-18.23.31:325][567]LogModuleManager: Shutting down and abandoning module SimplygonSwarm (179)
[2018.09.29-18.23.31:325][567]LogModuleManager: Shutting down and abandoning module ProxyLODMeshReduction (177)
[2018.09.29-18.23.31:325][567]LogModuleManager: Shutting down and abandoning module SimplygonMeshReduction (175)
[2018.09.29-18.23.31:325][567]LogModuleManager: Shutting down and abandoning module QuadricMeshReduction (173)
[2018.09.29-18.23.31:325][567]LogModuleManager: Shutting down and abandoning module MaterialBaking (169)
[2018.09.29-18.23.31:325][567]LogModuleManager: Shutting down and abandoning module DirectoryWatcher (165)
[2018.09.29-18.23.31:326][567]LogModuleManager: Shutting down and abandoning module DerivedDataCache (162)
[2018.09.29-18.23.31:343][567]LogDerivedDataCache: Shutdown
[2018.09.29-18.23.31:343][567]LogModuleManager: Shutting down and abandoning module XGEController (160)
[2018.09.29-18.23.31:343][567]LogModuleManager: Shutting down and abandoning module TargetPlatform (158)
[2018.09.29-18.23.31:343][567]LogModuleManager: Shutting down and abandoning module VulkanShaderFormat (157)
[2018.09.29-18.23.31:343][567]LogModuleManager: Shutting down and abandoning module ShaderFormatVectorVM (155)
[2018.09.29-18.23.31:343][567]LogModuleManager: Shutting down and abandoning module ShaderFormatOpenGL (153)
[2018.09.29-18.23.31:343][567]LogModuleManager: Shutting down and abandoning module ShaderFormatD3D (151)
[2018.09.29-18.23.31:344][567]LogModuleManager: Shutting down and abandoning module MetalShaderFormat (149)
[2018.09.29-18.23.31:344][567]LogModuleManager: Shutting down and abandoning module TextureFormatUncompressed (147)
[2018.09.29-18.23.31:344][567]LogModuleManager: Shutting down and abandoning module TextureFormatPVR (145)
[2018.09.29-18.23.31:344][567]LogModuleManager: Shutting down and abandoning module TextureFormatDXT (143)
[2018.09.29-18.23.31:344][567]LogModuleManager: Shutting down and abandoning module TextureFormatIntelISPCTexComp (141)
[2018.09.29-18.23.31:344][567]LogModuleManager: Shutting down and abandoning module TextureFormatASTC (139)
[2018.09.29-18.23.31:344][567]LogModuleManager: Shutting down and abandoning module ImageWrapper (138)
[2018.09.29-18.23.31:344][567]LogModuleManager: Shutting down and abandoning module TextureFormatAndroid (135)
[2018.09.29-18.23.31:344][567]LogModuleManager: Shutting down and abandoning module AudioFormatOpus (133)
[2018.09.29-18.23.31:344][567]LogModuleManager: Shutting down and abandoning module AudioFormatOgg (131)
[2018.09.29-18.23.31:344][567]LogModuleManager: Shutting down and abandoning module AudioFormatADPCM (129)
[2018.09.29-18.23.31:344][567]LogModuleManager: Shutting down and abandoning module LuminTargetPlatform (127)
[2018.09.29-18.23.31:344][567]LogModuleManager: Shutting down and abandoning module LinuxTargetPlatform (125)
[2018.09.29-18.23.31:344][567]LogModuleManager: Shutting down and abandoning module LinuxServerTargetPlatform (123)
[2018.09.29-18.23.31:344][567]LogModuleManager: Shutting down and abandoning module LinuxNoEditorTargetPlatform (121)
[2018.09.29-18.23.31:344][567]LogModuleManager: Shutting down and abandoning module LinuxClientTargetPlatform (119)
[2018.09.29-18.23.31:344][567]LogModuleManager: Shutting down and abandoning module TVOSTargetPlatform (117)
[2018.09.29-18.23.31:346][567]LogModuleManager: Shutting down and abandoning module Messaging (115)
[2018.09.29-18.23.31:346][567]LogModuleManager: Shutting down and abandoning module IOSTargetPlatform (113)
[2018.09.29-18.23.31:348][567]LogModuleManager: Shutting down and abandoning module HTML5TargetPlatform (111)
[2018.09.29-18.23.31:348][567]LogModuleManager: Shutting down and abandoning module AndroidTargetPlatform (109)
[2018.09.29-18.23.31:363][567]LogModuleManager: Shutting down and abandoning module WindowsTargetPlatform (107)
[2018.09.29-18.23.31:363][567]LogModuleManager: Shutting down and abandoning module WindowsServerTargetPlatform (105)
[2018.09.29-18.23.31:363][567]LogModuleManager: Shutting down and abandoning module WindowsNoEditorTargetPlatform (103)
[2018.09.29-18.23.31:363][567]LogModuleManager: Shutting down and abandoning module WindowsClientTargetPlatform (101)
[2018.09.29-18.23.31:364][567]LogModuleManager: Shutting down and abandoning module MacTargetPlatform (99)
[2018.09.29-18.23.31:364][567]LogModuleManager: Shutting down and abandoning module MacServerTargetPlatform (97)
[2018.09.29-18.23.31:364][567]LogModuleManager: Shutting down and abandoning module MacNoEditorTargetPlatform (95)
[2018.09.29-18.23.31:364][567]LogModuleManager: Shutting down and abandoning module MacClientTargetPlatform (93)
[2018.09.29-18.23.31:364][567]LogModuleManager: Shutting down and abandoning module AllDesktopTargetPlatform (91)
[2018.09.29-18.23.31:364][567]LogModuleManager: Shutting down and abandoning module InputCore (88)
[2018.09.29-18.23.31:364][567]LogModuleManager: Shutting down and abandoning module Settings (86)
[2018.09.29-18.23.31:364][567]LogModuleManager: Shutting down and abandoning module PhysXCooking (84)
[2018.09.29-18.23.31:364][567]LogModuleManager: Shutting down and abandoning module SteamVR (82)
[2018.09.29-18.23.31:364][567]LogModuleManager: Shutting down and abandoning module OculusHMD (80)
[2018.09.29-18.23.31:364][567]LogModuleManager: Shutting down and abandoning module ExampleDeviceProfileSelector (78)
[2018.09.29-18.23.31:364][567]LogModuleManager: Shutting down and abandoning module LauncherChunkInstaller (76)
[2018.09.29-18.23.31:364][567]LogModuleManager: Shutting down and abandoning module OnlineBlueprintSupport (74)
[2018.09.29-18.23.31:364][567]LogModuleManager: Shutting down and abandoning module OnlineSubsystem (70)
[2018.09.29-18.23.31:366][567]LogModuleManager: Shutting down and abandoning module XMPP (65)
[2018.09.29-18.23.31:366][567]LogModuleManager: Shutting down and abandoning module WebSockets (64)
[2018.09.29-18.23.31:377][567]LogModuleManager: Shutting down and abandoning module HTTP (61)
[2018.09.29-18.23.31:378][567]LogHttp: Display: Http module shutting down, but needs to wait on 1 outstanding Http requests:
[2018.09.29-18.23.31:378][567]LogHttp: Display: 	verb=[POST] url=[https://datarouter.ol.epicgames.com/datarouter/api/v1/public/data?SessionID=%7B4E9BDA28-479B-3CA2-84CB-C0B66502F288%7D&AppID=UEEditor.Rocket.Release&AppVersion=4.20.1-4233996%2B%2B%2BUE4%2BRelease-4.20&UserID=0ff4037545a3c0d12d4288a73e81328f%7C8b7339b9e58441d5a6fe68e208bb9b10%7C004dee9d-be2f-4b38-a539-bd9b94001a8d&AppEnvironment=datacollector-binary&UploadType=eteventstream] status=Processing
[2018.09.29-18.23.31:412][567]LogModuleManager: Shutting down and abandoning module SSL (60)
[2018.09.29-18.23.31:415][567]LogModuleManager: Shutting down and abandoning module MagicLeapEmulator (56)
[2018.09.29-18.23.31:415][567]LogModuleManager: Shutting down and abandoning module MagicLeapPrivileges (54)
[2018.09.29-18.23.31:415][567]LogModuleManager: Shutting down and abandoning module MagicLeapIdentity (52)
[2018.09.29-18.23.31:415][567]LogModuleManager: Shutting down and abandoning module MagicLeapHelperVulkan (50)
[2018.09.29-18.23.31:416][567]LogModuleManager: Shutting down and abandoning module MagicLeapHelperOpenGL (48)
[2018.09.29-18.23.31:416][567]LogModuleManager: Shutting down and abandoning module MagicLeapSecureStorage (46)
[2018.09.29-18.23.31:416][567]LogModuleManager: Shutting down and abandoning module MagicLeapGestures (44)
[2018.09.29-18.23.31:416][567]LogModuleManager: Shutting down and abandoning module MagicLeapEyeTracker (42)
[2018.09.29-18.23.31:416][567]LogModuleManager: Shutting down and abandoning module MagicLeapController (40)
[2018.09.29-18.23.31:416][567]LogSlate: Slate User Destroyed.  User Index 0, Is Virtual User: 0
[2018.09.29-18.23.31:416][567]LogModuleManager: Shutting down and abandoning module MagicLeap (38)
[2018.09.29-18.23.31:416][567]LogModuleManager: Shutting down and abandoning module AnimationModifiers (36)
[2018.09.29-18.23.31:416][567]LogModuleManager: Shutting down and abandoning module PropertyEditor (35)
[2018.09.29-18.23.31:416][567]LogModuleManager: Shutting down and abandoning module AudioEditor (32)
[2018.09.29-18.23.31:416][567]LogModuleManager: Shutting down and abandoning module TextureCompressor (30)
[2018.09.29-18.23.31:417][567]LogModuleManager: Shutting down and abandoning module ShaderCore (28)
[2018.09.29-18.23.31:417][567]LogModuleManager: Shutting down and abandoning module Landscape (26)
[2018.09.29-18.23.31:417][567]LogModuleManager: Shutting down and abandoning module SlateRHIRenderer (24)
[2018.09.29-18.23.31:418][567]LogModuleManager: Shutting down and abandoning module OpenGLDrv (22)
[2018.09.29-18.23.31:418][567]LogModuleManager: Shutting down and abandoning module D3D11RHI (20)
[2018.09.29-18.23.31:418][567]LogModuleManager: Shutting down and abandoning module AnimGraphRuntime (18)
[2018.09.29-18.23.31:418][567]LogModuleManager: Shutting down and abandoning module Renderer (16)
[2018.09.29-18.23.31:418][567]LogModuleManager: Shutting down and abandoning module Engine (14)
[2018.09.29-18.23.31:418][567]LogModuleManager: Shutting down and abandoning module CoreUObject (12)
[2018.09.29-18.23.31:418][567]LogModuleManager: Shutting down and abandoning module NetworkFile (10)
[2018.09.29-18.23.31:418][567]LogModuleManager: Shutting down and abandoning module CookedIterativeFile (8)
[2018.09.29-18.23.31:418][567]LogModuleManager: Shutting down and abandoning module StreamingFile (6)
[2018.09.29-18.23.31:418][567]LogModuleManager: Shutting down and abandoning module SandboxFile (4)
[2018.09.29-18.23.31:418][567]LogModuleManager: Shutting down and abandoning module PakFile (2)
[2018.09.29-18.23.31:436][567]LogExit: Exiting.
[2018.09.29-18.23.31:445][567]Log file closed, 09/29/18 14:23:31
